{"D:\\VueJS\\Registration-Form\\src\\components\\FormComponent.vue": {"path":"D:\\VueJS\\Registration-Form\\src\\components\\FormComponent.vue","statementMap":{"0":{"start":{"line":4,"column":0},"end":{"line":6,"column":3}},"1":{"start":{"line":7,"column":0},"end":{"line":7,"column":25}},"2":{"start":{"line":8,"column":0},"end":{"line":8,"column":44}},"3":{"start":{"line":9,"column":15},"end":{"line":42,"column":1}},"4":{"start":{"line":12,"column":4},"end":{"line":29,"column":6}},"5":{"start":{"line":33,"column":21},"end":{"line":33,"column":50}},"6":{"start":{"line":34,"column":23},"end":{"line":34,"column":41}},"7":{"start":{"line":35,"column":6},"end":{"line":35,"column":28}},"8":{"start":{"line":36,"column":6},"end":{"line":36,"column":46}},"9":{"start":{"line":37,"column":6},"end":{"line":39,"column":9}},"10":{"start":{"line":45,"column":0},"end":{"line":45,"column":13}},"11":{"start":{"line":47,"column":0},"end":{"line":49,"column":3}},"12":{"start":{"line":50,"column":0},"end":{"line":50,"column":24}},"13":{"start":{"line":51,"column":11},"end":{"line":51,"column":25}},"14":{"start":{"line":52,"column":19},"end":{"line":54,"column":1}},"15":{"start":{"line":55,"column":32},"end":{"line":59,"column":22}},"16":{"start":{"line":60,"column":19},"end":{"line":65,"column":1}},"17":{"start":{"line":67,"column":29},"end":{"line":67,"column":66}},"18":{"start":{"line":68,"column":2},"end":{"line":145,"column":40}},"19":{"start":{"line":72,"column":63},"end":{"line":72,"column":85}},"20":{"start":{"line":73,"column":50},"end":{"line":73,"column":65}},"21":{"start":{"line":75,"column":37},"end":{"line":143,"column":7}},"22":{"start":{"line":146,"column":2},"end":{"line":146,"column":49}}},"fnMap":{"0":{"name":"(anonymous_0)","decl":{"start":{"line":11,"column":2},"end":{"line":11,"column":3}},"loc":{"start":{"line":11,"column":9},"end":{"line":30,"column":3}},"line":11},"1":{"name":"(anonymous_1)","decl":{"start":{"line":32,"column":4},"end":{"line":32,"column":5}},"loc":{"start":{"line":32,"column":15},"end":{"line":40,"column":5}},"line":32},"2":{"name":"render","decl":{"start":{"line":66,"column":9},"end":{"line":66,"column":15}},"loc":{"start":{"line":66,"column":30},"end":{"line":146,"column":1}},"line":66},"3":{"name":"(anonymous_3)","decl":{"start":{"line":72,"column":53},"end":{"line":72,"column":54}},"loc":{"start":{"line":72,"column":63},"end":{"line":72,"column":85}},"line":72},"4":{"name":"(anonymous_4)","decl":{"start":{"line":73,"column":40},"end":{"line":73,"column":41}},"loc":{"start":{"line":73,"column":50},"end":{"line":73,"column":65}},"line":73},"5":{"name":"(anonymous_5)","decl":{"start":{"line":75,"column":31},"end":{"line":75,"column":32}},"loc":{"start":{"line":75,"column":37},"end":{"line":143,"column":7}},"line":75}},"branchMap":{"0":{"loc":{"start":{"line":72,"column":27},"end":{"line":72,"column":86}},"type":"binary-expr","locations":[{"start":{"line":72,"column":27},"end":{"line":72,"column":36}},{"start":{"line":72,"column":41},"end":{"line":72,"column":85}}],"line":72},"1":{"loc":{"start":{"line":73,"column":14},"end":{"line":73,"column":66}},"type":"binary-expr","locations":[{"start":{"line":73,"column":14},"end":{"line":73,"column":23}},{"start":{"line":73,"column":28},"end":{"line":73,"column":65}}],"line":73}},"s":{"0":2,"1":2,"2":2,"3":2,"4":1,"5":0,"6":0,"7":0,"8":0,"9":0,"10":2,"11":2,"12":2,"13":2,"14":2,"15":2,"16":2,"17":1,"18":1,"19":0,"20":0,"21":1,"22":2},"f":{"0":1,"1":0,"2":1,"3":0,"4":0,"5":1},"b":{"0":[1,1],"1":[1,1]},"inputSourceMap":{"0":"{","1":"\"","2":"v","3":"e","4":"r","5":"s","6":"i","7":"o","8":"n","9":"\"","10":":","11":"3","12":",","13":"\"","14":"s","15":"o","16":"u","17":"r","18":"c","19":"e","20":"s","21":"\"","22":":","23":"[","24":"\"","25":"D","26":":","27":"\\","28":"\\","29":"V","30":"u","31":"e","32":"J","33":"S","34":"\\","35":"\\","36":"R","37":"e","38":"g","39":"i","40":"s","41":"t","42":"r","43":"a","44":"t","45":"i","46":"o","47":"n","48":"-","49":"F","50":"o","51":"r","52":"m","53":"\\","54":"\\","55":"s","56":"r","57":"c","58":"\\","59":"\\","60":"c","61":"o","62":"m","63":"p","64":"o","65":"n","66":"e","67":"n","68":"t","69":"s","70":"\\","71":"\\","72":"F","73":"o","74":"r","75":"m","76":"C","77":"o","78":"m","79":"p","80":"o","81":"n","82":"e","83":"n","84":"t","85":".","86":"v","87":"u","88":"e","89":"\"","90":"]","91":",","92":"\"","93":"n","94":"a","95":"m","96":"e","97":"s","98":"\"","99":":","100":"[","101":"]","102":",","103":"\"","104":"m","105":"a","106":"p","107":"p","108":"i","109":"n","110":"g","111":"s","112":"\"","113":":","114":"\"","115":";","116":";","117":";","118":";","119":";","120":";","121":";","122":";","123":"e","124":"A","125":"E","126":"e","127":";","128":"E","129":"A","130":"C","131":"b","132":",","133":"I","134":"A","135":"A","136":"I","137":",","138":"E","139":"A","140":"A","141":"E","142":",","143":"e","144":"A","145":"A","146":"e","147":";","148":"E","149":"A","150":"C","151":"r","152":"B","153":",","154":"I","155":"A","156":"A","157":"I","158":",","159":"G","160":"A","161":"A","162":"G","163":";","164":"I","165":"A","166":"C","167":"L","168":",","169":"O","170":"A","171":"A","172":"O","173":";","174":"M","175":"A","176":"C","177":"L","178":",","179":"O","180":"A","181":"A","182":"O","183":",","184":"E","185":"A","186":"A","187":"E","188":";","189":"Q","190":"A","191":"C","192":"P","193":",","194":"E","195":"A","196":"A","197":"E","198":",","199":"E","200":"A","201":"A","202":"E","203":",","204":"Q","205":"A","206":"A","207":"Q","208":";","209":"Q","210":"A","211":"C","212":"Z","213":",","214":"I","215":"A","216":"A","217":"I","218":",","219":"E","220":"A","221":"A","222":"E","223":",","224":"M","225":"A","226":"A","227":"M","228":";","229":"Q","230":"A","231":"C","232":"Z","233":",","234":"M","235":"A","236":"A","237":"M","238":",","239":"E","240":"A","241":"A","242":"E","243":",","244":"Q","245":"A","246":"A","247":"Q","248":";","249":"Q","250":"A","251":"C","252":"h","253":"B","254":",","255":"K","256":"A","257":"A","258":"K","259":",","260":"E","261":"A","262":"A","263":"E","264":";","265":"M","266":"A","267":"C","268":"T","269":",","270":"C","271":"A","272":"A","273":"C","274":";","275":"M","276":"A","277":"C","278":"D","279":",","280":"Q","281":"A","282":"A","283":"Q","284":",","285":"E","286":"A","287":"A","288":"E","289":";","290":"Q","291":"A","292":"C","293":"R","294":",","295":"a","296":"A","297":"A","298":"a","299":",","300":"E","301":"A","302":"A","303":"E","304":",","305":"a","306":"A","307":"A","308":"a","309":";","310":"Q","311":"A","312":"C","313":"5","314":"B","315":",","316":"S","317":"A","318":"A","319":"S","320":",","321":"E","322":"A","323":"A","324":"E","325":";","326":"M","327":"A","328":"C","329":"b","330":",","331":"C","332":"A","333":"A","334":"C","335":";","336":"M","337":"A","338":"C","339":"D","340":",","341":"Q","342":"A","343":"A","344":"Q","345":",","346":"E","347":"A","348":"A","349":"E","350":";","351":"Q","352":"A","353":"C","354":"R","355":",","356":"S","357":"A","358":"A","359":"S","360":",","361":"E","362":"A","363":"A","364":"E","365":",","366":"S","367":"A","368":"A","369":"S","370":";","371":"Q","372":"A","373":"C","374":"p","375":"B","376":",","377":"W","378":"A","379":"A","380":"W","381":",","382":"E","383":"A","384":"A","385":"E","386":",","387":"W","388":"A","389":"A","390":"W","391":";","392":"Q","393":"A","394":"C","395":"x","396":"B","397":",","398":"O","399":"A","400":"A","401":"O","402":",","403":"E","404":"A","405":"A","406":"E","407":";","408":"M","409":"A","410":"C","411":"X","412":",","413":"C","414":"A","415":"A","416":"C","417":";","418":"M","419":"A","420":"C","421":"D","422":",","423":"Q","424":"A","425":"A","426":"Q","427":",","428":"E","429":"A","430":"A","431":"E","432":",","433":"C","434":"A","435":"A","436":"C","437":";","438":"I","439":"A","440":"C","441":"b","442":",","443":"C","444":"A","445":"A","446":"C","447":";","448":"E","449":"A","450":"C","451":"H","452":",","453":"C","454":"A","455":"A","456":"C","457":";","458":"E","459":"A","460":"C","461":"D","462":",","463":"O","464":"A","465":"A","466":"O","467":",","468":"E","469":"A","470":"A","471":"E","472":";","473":"I","474":"A","475":"C","476":"P","477":",","478":"Q","479":"A","480":"A","481":"Q","482":",","483":"G","484":"A","485":"A","486":"G","487":";","488":"M","489":"A","490":"C","491":"T","492":",","493":"M","494":"A","495":"A","496":"M","497":",","498":"M","499":"A","500":"A","501":"M","502":",","503":"G","504":"A","505":"A","506":"G","507":",","508":"I","509":"A","510":"A","511":"I","512":",","513":"C","514":"A","515":"A","516":"C","517":",","518":"S","519":"A","520":"A","521":"S","522":",","523":"C","524":"A","525":"A","526":"C","527":",","528":"I","529":"A","530":"A","531":"I","532":",","533":"C","534":"A","535":"A","536":"C","537":",","538":"Q","539":"A","540":"A","541":"Q","542":",","543":"C","544":"A","545":"A","546":"C","547":";","548":"M","549":"A","550":"C","551":"5","552":"C","553":",","554":"M","555":"A","556":"A","557":"M","558":",","559":"Q","560":"A","561":"A","562":"Q","563":",","564":"G","565":"A","566":"A","567":"G","568":",","569":"I","570":"A","571":"A","572":"I","573":",","574":"C","575":"A","576":"A","577":"C","578":",","579":"K","580":"A","581":"A","582":"K","583":",","584":"C","585":"A","586":"A","587":"C","588":",","589":"M","590":"A","591":"A","592":"M","593":",","594":"C","595":"A","596":"A","597":"C","598":";","599":"M","600":"A","601":"C","602":"n","603":"C","604":",","605":"O","606":"A","607":"A","608":"O","609":",","610":"C","611":"A","612":"A","613":"C","614":",","615":"G","616":"A","617":"A","618":"G","619":",","620":"C","621":"A","622":"A","623":"C","624":",","625":"Q","626":"A","627":"A","628":"Q","629":",","630":"C","631":"A","632":"A","633":"C","634":";","635":"M","636":"A","637":"C","638":"r","639":"B","640":",","641":"I","642":"A","643":"A","644":"I","645":",","646":"C","647":"A","648":"A","649":"C","650":",","651":"M","652":"A","653":"A","654":"M","655":",","656":"C","657":"A","658":"A","659":"C","660":",","661":"M","662":"A","663":"A","664":"M","665":",","666":"C","667":"A","668":"A","669":"C","670":",","671":"S","672":"A","673":"A","674":"S","675":",","676":"E","677":"A","678":"A","679":"E","680":",","681":"Q","682":"A","683":"A","684":"Q","685":",","686":"C","687":"A","688":"A","689":"C","690":";","691":"M","692":"A","693":"C","694":"v","695":"C","696":",","697":"I","698":"A","699":"A","700":"I","701":",","702":"C","703":"A","704":"A","705":"C","706":",","707":"O","708":"A","709":"A","710":"O","711":",","712":"C","713":"A","714":"A","715":"C","716":",","717":"I","718":"A","719":"A","720":"I","721":",","722":"C","723":"A","724":"A","725":"C","726":";","727":"Q","728":"A","729":"A","730":"E","731":",","732":"I","733":"A","734":"A","735":"I","736":",","737":"E","738":"A","739":"A","740":"E","741":";","742":"M","743":"A","744":"A","745":"Y","746":",","747":"C","748":"A","749":"A","750":"C","751":",","752":"C","753":"A","754":"A","755":"C","756":";","757":"I","758":"A","759":"C","760":"1","761":"C","762":";","763":"E","764":"A","765":"C","766":"F","767":";","768":"A","769":"A","770":"C","771":"F","772":",","773":"C","774":"A","775":"A","776":"C","777":";","778":"A","779":"A","780":"A","781":"A","782":";","783":"A","784":"A","785":"A","786":"A","787":"\"","788":",","789":"\"","790":"f","791":"i","792":"l","793":"e","794":"\"","795":":","796":"\"","797":"D","798":":","799":"\\","800":"\\","801":"V","802":"u","803":"e","804":"J","805":"S","806":"\\","807":"\\","808":"R","809":"e","810":"g","811":"i","812":"s","813":"t","814":"r","815":"a","816":"t","817":"i","818":"o","819":"n","820":"-","821":"F","822":"o","823":"r","824":"m","825":"\\","826":"\\","827":"s","828":"r","829":"c","830":"\\","831":"\\","832":"c","833":"o","834":"m","835":"p","836":"o","837":"n","838":"e","839":"n","840":"t","841":"s","842":"\\","843":"\\","844":"F","845":"o","846":"r","847":"m","848":"C","849":"o","850":"m","851":"p","852":"o","853":"n","854":"e","855":"n","856":"t","857":".","858":"v","859":"u","860":"e","861":"\"","862":",","863":"\"","864":"s","865":"o","866":"u","867":"r","868":"c","869":"e","870":"s","871":"C","872":"o","873":"n","874":"t","875":"e","876":"n","877":"t","878":"\"","879":":","880":"[","881":"\"","882":"<","883":"s","884":"c","885":"r","886":"i","887":"p","888":"t","889":">","890":"\\","891":"r","892":"\\","893":"n","894":"\\","895":"r","896":"\\","897":"n","898":"e","899":"x","900":"p","901":"o","902":"r","903":"t","904":" ","905":"d","906":"e","907":"f","908":"a","909":"u","910":"l","911":"t","912":" ","913":"{","914":"\\","915":"r","916":"\\","917":"n","918":" ","919":" ","920":"n","921":"a","922":"m","923":"e","924":":","925":" ","926":"\\","927":"\"","928":"F","929":"o","930":"r","931":"m","932":"C","933":"o","934":"m","935":"p","936":"o","937":"n","938":"e","939":"n","940":"t","941":"\\","942":"\"","943":",","944":"\\","945":"r","946":"\\","947":"n","948":" ","949":" ","950":"d","951":"a","952":"t","953":"a","954":"(","955":")","956":" ","957":"{","958":"\\","959":"r","960":"\\","961":"n","962":" ","963":" ","964":" ","965":" ","966":"r","967":"e","968":"t","969":"u","970":"r","971":"n","972":" ","973":"{","974":"\\","975":"r","976":"\\","977":"n","978":" ","979":" ","980":" ","981":" ","982":" ","983":" ","984":"o","985":"p","986":"t","987":"i","988":"o","989":"n","990":"s","991":":","992":" ","993":"{","994":"\\","995":"r","996":"\\","997":"n","998":" ","999":" ","1000":" ","1001":" ","1002":" ","1003":" ","1004":" ","1005":" ","1006":"\\","1007":"\"","1008":"\\","1009":"\"","1010":":","1011":" ","1012":"\\","1013":"\"","1014":"S","1015":"e","1016":"l","1017":"e","1018":"c","1019":"t","1020":"\\","1021":"\"","1022":",","1023":"\\","1024":"r","1025":"\\","1026":"n","1027":" ","1028":" ","1029":" ","1030":" ","1031":" ","1032":" ","1033":" ","1034":" ","1035":"M","1036":"a","1037":"l","1038":"e","1039":":","1040":" ","1041":"\\","1042":"\"","1043":"M","1044":"a","1045":"l","1046":"e","1047":"\\","1048":"\"","1049":",","1050":"\\","1051":"r","1052":"\\","1053":"n","1054":" ","1055":" ","1056":" ","1057":" ","1058":" ","1059":" ","1060":" ","1061":" ","1062":"F","1063":"e","1064":"m","1065":"a","1066":"l","1067":"e","1068":":","1069":" ","1070":"\\","1071":"\"","1072":"F","1073":"e","1074":"m","1075":"a","1076":"l","1077":"e","1078":"\\","1079":"\"","1080":",","1081":"\\","1082":"r","1083":"\\","1084":"n","1085":" ","1086":" ","1087":" ","1088":" ","1089":" ","1090":" ","1091":" ","1092":" ","1093":"O","1094":"t","1095":"h","1096":"e","1097":"r","1098":":","1099":" ","1100":"\\","1101":"\"","1102":"O","1103":"t","1104":"h","1105":"e","1106":"r","1107":"\\","1108":"\"","1109":",","1110":"\\","1111":"r","1112":"\\","1113":"n","1114":" ","1115":" ","1116":" ","1117":" ","1118":" ","1119":" ","1120":"}","1121":",","1122":"\\","1123":"r","1124":"\\","1125":"n","1126":" ","1127":" ","1128":" ","1129":" ","1130":" ","1131":" ","1132":"d","1133":"o","1134":"p","1135":"t","1136":"i","1137":"o","1138":"n","1139":"s","1140":":","1141":" ","1142":"{","1143":"\\","1144":"r","1145":"\\","1146":"n","1147":" ","1148":" ","1149":" ","1150":" ","1151":" ","1152":" ","1153":" ","1154":" ","1155":"\\","1156":"\"","1157":"B","1158":".","1159":"E","1160":".","1161":"/","1162":"B","1163":".","1164":"T","1165":"e","1166":"c","1167":"h","1168":"\\","1169":"\"","1170":":","1171":" ","1172":"\\","1173":"\"","1174":"B","1175":".","1176":"E","1177":".","1178":"/","1179":"B","1180":".","1181":"T","1182":"e","1183":"c","1184":"h","1185":"\\","1186":"\"","1187":",","1188":"\\","1189":"r","1190":"\\","1191":"n","1192":" ","1193":" ","1194":" ","1195":" ","1196":" ","1197":" ","1198":" ","1199":" ","1200":"\\","1201":"\"","1202":"B","1203":"C","1204":"A","1205":"/","1206":"M","1207":"C","1208":"A","1209":"\\","1210":"\"","1211":":","1212":" ","1213":"\\","1214":"\"","1215":"B","1216":"C","1217":"A","1218":"/","1219":"M","1220":"C","1221":"A","1222":"\\","1223":"\"","1224":",","1225":"\\","1226":"r","1227":"\\","1228":"n","1229":" ","1230":" ","1231":" ","1232":" ","1233":" ","1234":" ","1235":"}","1236":",","1237":"\\","1238":"r","1239":"\\","1240":"n","1241":" ","1242":" ","1243":" ","1244":" ","1245":" ","1246":" ","1247":"s","1248":"o","1249":"p","1250":"t","1251":"i","1252":"o","1253":"n","1254":"s","1255":":","1256":" ","1257":"{","1258":"\\","1259":"r","1260":"\\","1261":"n","1262":" ","1263":" ","1264":" ","1265":" ","1266":" ","1267":" ","1268":" ","1269":" ","1270":"\\","1271":"\"","1272":"R","1273":"e","1274":"a","1275":"c","1276":"t","1277":"J","1278":"S","1279":"\\","1280":"\"","1281":":","1282":" ","1283":"\\","1284":"\"","1285":"R","1286":"e","1287":"a","1288":"c","1289":"t","1290":"J","1291":"S","1292":"\\","1293":"\"","1294":",","1295":"\\","1296":"r","1297":"\\","1298":"n","1299":" ","1300":" ","1301":" ","1302":" ","1303":" ","1304":" ","1305":" ","1306":" ","1307":"\\","1308":"\"","1309":"A","1310":"n","1311":"g","1312":"u","1313":"l","1314":"a","1315":"r","1316":"J","1317":"S","1318":"\\","1319":"\"","1320":":","1321":" ","1322":"\\","1323":"\"","1324":"A","1325":"n","1326":"g","1327":"u","1328":"l","1329":"a","1330":"r","1331":"J","1332":"S","1333":"\\","1334":"\"","1335":",","1336":"\\","1337":"r","1338":"\\","1339":"n","1340":" ","1341":" ","1342":" ","1343":" ","1344":" ","1345":" ","1346":" ","1347":" ","1348":"\\","1349":"\"","1350":"V","1351":"u","1352":"e","1353":"J","1354":"S","1355":"\\","1356":"\"","1357":":","1358":" ","1359":"\\","1360":"\"","1361":"V","1362":"u","1363":"e","1364":"J","1365":"S","1366":"\\","1367":"\"","1368":",","1369":"\\","1370":"r","1371":"\\","1372":"n","1373":" ","1374":" ","1375":" ","1376":" ","1377":" ","1378":" ","1379":"}","1380":",","1381":"\\","1382":"r","1383":"\\","1384":"n","1385":" ","1386":" ","1387":" ","1388":" ","1389":" ","1390":" ","1391":"u","1392":"s","1393":"e","1394":"r","1395":"D","1396":"a","1397":"t","1398":"a","1399":":","1400":" ","1401":"{","1402":"}","1403":"\\","1404":"r","1405":"\\","1406":"n","1407":" ","1408":" ","1409":" ","1410":" ","1411":"}","1412":";","1413":"\\","1414":"r","1415":"\\","1416":"n","1417":" ","1418":" ","1419":"}","1420":",","1421":"\\","1422":"r","1423":"\\","1424":"n","1425":" ","1426":" ","1427":"m","1428":"e","1429":"t","1430":"h","1431":"o","1432":"d","1433":"s","1434":":","1435":" ","1436":"{","1437":"\\","1438":"r","1439":"\\","1440":"n","1441":" ","1442":" ","1443":" ","1444":" ","1445":"o","1446":"n","1447":"S","1448":"u","1449":"b","1450":"m","1451":"i","1452":"t","1453":"(","1454":")","1455":" ","1456":"{","1457":"\\","1458":"r","1459":"\\","1460":"n","1461":" ","1462":" ","1463":" ","1464":" ","1465":" ","1466":" ","1467":"c","1468":"o","1469":"n","1470":"s","1471":"t","1472":" ","1473":"s","1474":"t","1475":"r","1476":"i","1477":"n","1478":"g","1479":" ","1480":"=","1481":" ","1482":"J","1483":"S","1484":"O","1485":"N","1486":".","1487":"s","1488":"t","1489":"r","1490":"i","1491":"n","1492":"g","1493":"i","1494":"f","1495":"y","1496":"(","1497":"t","1498":"h","1499":"i","1500":"s","1501":".","1502":"u","1503":"s","1504":"e","1505":"r","1506":"D","1507":"a","1508":"t","1509":"a","1510":")","1511":";","1512":"\\","1513":"r","1514":"\\","1515":"n","1516":" ","1517":" ","1518":" ","1519":" ","1520":" ","1521":" ","1522":"c","1523":"o","1524":"n","1525":"s","1526":"t","1527":" ","1528":"f","1529":"o","1530":"r","1531":"m","1532":"d","1533":"a","1534":"t","1535":"a","1536":" ","1537":"=","1538":" ","1539":"J","1540":"S","1541":"O","1542":"N","1543":".","1544":"p","1545":"a","1546":"r","1547":"s","1548":"e","1549":"(","1550":"s","1551":"t","1552":"r","1553":"i","1554":"n","1555":"g","1556":")","1557":";","1558":"\\","1559":"r","1560":"\\","1561":"n","1562":" ","1563":" ","1564":" ","1565":" ","1566":" ","1567":" ","1568":"c","1569":"o","1570":"n","1571":"s","1572":"o","1573":"l","1574":"e","1575":".","1576":"l","1577":"o","1578":"g","1579":"(","1580":"f","1581":"o","1582":"r","1583":"m","1584":"d","1585":"a","1586":"t","1587":"a","1588":")","1589":";","1590":"\\","1591":"r","1592":"\\","1593":"n","1594":" ","1595":" ","1596":" ","1597":" ","1598":" ","1599":" ","1600":"t","1601":"h","1602":"i","1603":"s","1604":".","1605":"$","1606":"s","1607":"t","1608":"o","1609":"r","1610":"e","1611":".","1612":"c","1613":"o","1614":"m","1615":"m","1616":"i","1617":"t","1618":"(","1619":"\\","1620":"\"","1621":"s","1622":"e","1623":"t","1624":"U","1625":"s","1626":"e","1627":"r","1628":"\\","1629":"\"","1630":",","1631":" ","1632":"f","1633":"o","1634":"r","1635":"m","1636":"d","1637":"a","1638":"t","1639":"a","1640":")","1641":";","1642":"\\","1643":"r","1644":"\\","1645":"n","1646":" ","1647":" ","1648":" ","1649":" ","1650":" ","1651":" ","1652":"t","1653":"h","1654":"i","1655":"s","1656":".","1657":"$","1658":"r","1659":"o","1660":"u","1661":"t","1662":"e","1663":"r","1664":".","1665":"p","1666":"u","1667":"s","1668":"h","1669":"(","1670":"{","1671":" ","1672":"n","1673":"a","1674":"m","1675":"e","1676":":","1677":" ","1678":"\\","1679":"\"","1680":"U","1681":"s","1682":"e","1683":"r","1684":" ","1685":"I","1686":"n","1687":"f","1688":"o","1689":"\\","1690":"\"","1691":" ","1692":"}","1693":")","1694":";","1695":"\\","1696":"r","1697":"\\","1698":"n","1699":" ","1700":" ","1701":" ","1702":" ","1703":"}","1704":",","1705":"\\","1706":"r","1707":"\\","1708":"n","1709":" ","1710":" ","1711":"}","1712":",","1713":"\\","1714":"r","1715":"\\","1716":"n","1717":"}","1718":";","1719":"\\","1720":"r","1721":"\\","1722":"n","1723":"<","1724":"/","1725":"s","1726":"c","1727":"r","1728":"i","1729":"p","1730":"t","1731":">","1732":"\\","1733":"r","1734":"\\","1735":"n","1736":"\\","1737":"r","1738":"\\","1739":"n","1740":"<","1741":"t","1742":"e","1743":"m","1744":"p","1745":"l","1746":"a","1747":"t","1748":"e","1749":">","1750":"\\","1751":"r","1752":"\\","1753":"n","1754":" ","1755":" ","1756":"<","1757":"d","1758":"i","1759":"v","1760":" ","1761":"c","1762":"l","1763":"a","1764":"s","1765":"s","1766":"=","1767":"\\","1768":"\"","1769":"c","1770":"o","1771":"n","1772":"t","1773":"a","1774":"i","1775":"n","1776":"e","1777":"r","1778":"-","1779":"f","1780":"l","1781":"u","1782":"i","1783":"d","1784":" ","1785":"p","1786":"-","1787":"4","1788":" ","1789":"m","1790":"t","1791":"-","1792":"4","1793":" ","1794":"m","1795":"e","1796":"-","1797":"4","1798":"\\","1799":"\"","1800":">","1801":"\\","1802":"r","1803":"\\","1804":"n","1805":" ","1806":" ","1807":" ","1808":" ","1809":"<","1810":"h","1811":"1","1812":" ","1813":"c","1814":"l","1815":"a","1816":"s","1817":"s","1818":"=","1819":"\\","1820":"\"","1821":"t","1822":"e","1823":"x","1824":"t","1825":"-","1826":"p","1827":"r","1828":"i","1829":"m","1830":"a","1831":"r","1832":"y","1833":" ","1834":"m","1835":"t","1836":"-","1837":"4","1838":"\\","1839":"\"","1840":">","1841":"R","1842":"e","1843":"g","1844":"i","1845":"s","1846":"t","1847":"r","1848":"a","1849":"t","1850":"i","1851":"o","1852":"n","1853":" ","1854":"F","1855":"o","1856":"r","1857":"m","1858":" ","1859":"<","1860":"i","1861":" ","1862":"c","1863":"l","1864":"a","1865":"s","1866":"s","1867":"=","1868":"\\","1869":"\"","1870":"b","1871":"i","1872":" ","1873":"b","1874":"i","1875":"-","1876":"p","1877":"e","1878":"n","1879":"c","1880":"i","1881":"l","1882":"-","1883":"s","1884":"q","1885":"u","1886":"a","1887":"r","1888":"e","1889":"\\","1890":"\"","1891":">","1892":"<","1893":"/","1894":"i","1895":">","1896":"<","1897":"/","1898":"h","1899":"1","1900":">","1901":"\\","1902":"r","1903":"\\","1904":"n","1905":" ","1906":" ","1907":" ","1908":" ","1909":"<","1910":"d","1911":"i","1912":"v","1913":"\\","1914":"r","1915":"\\","1916":"n","1917":" ","1918":" ","1919":" ","1920":" ","1921":" ","1922":" ","1923":"c","1924":"l","1925":"a","1926":"s","1927":"s","1928":"=","1929":"\\","1930":"\"","1931":"b","1932":"o","1933":"r","1934":"d","1935":"e","1936":"r","1937":" ","1938":"b","1939":"o","1940":"r","1941":"d","1942":"e","1943":"r","1944":"-","1945":"1","1946":" ","1947":"b","1948":"o","1949":"r","1950":"d","1951":"e","1952":"r","1953":"-","1954":"g","1955":"r","1956":"e","1957":"y","1958":" ","1959":"p","1960":"-","1961":"3","1962":" ","1963":"m","1964":"t","1965":"-","1966":"4","1967":" ","1968":"r","1969":"o","1970":"u","1971":"n","1972":"d","1973":"e","1974":"d","1975":"\\","1976":"\"","1977":"\\","1978":"r","1979":"\\","1980":"n","1981":" ","1982":" ","1983":" ","1984":" ","1985":" ","1986":" ","1987":"s","1988":"t","1989":"y","1990":"l","1991":"e","1992":"=","1993":"\\","1994":"\"","1995":"w","1996":"i","1997":"d","1998":"t","1999":"h","2000":":","2001":" ","2002":"2","2003":"5","2004":"r","2005":"e","2006":"m","2007":"\\","2008":"\"","2009":"\\","2010":"r","2011":"\\","2012":"n","2013":" ","2014":" ","2015":" ","2016":" ","2017":">","2018":"\\","2019":"r","2020":"\\","2021":"n","2022":" ","2023":" ","2024":" ","2025":" ","2026":" ","2027":" ","2028":"<","2029":"F","2030":"o","2031":"r","2032":"m","2033":"K","2034":"i","2035":"t","2036":"\\","2037":"r","2038":"\\","2039":"n","2040":" ","2041":" ","2042":" ","2043":" ","2044":" ","2045":" ","2046":" ","2047":" ","2048":"t","2049":"y","2050":"p","2051":"e","2052":"=","2053":"\\","2054":"\"","2055":"f","2056":"o","2057":"r","2058":"m","2059":"\\","2060":"\"","2061":"\\","2062":"r","2063":"\\","2064":"n","2065":" ","2066":" ","2067":" ","2068":" ","2069":" ","2070":" ","2071":" ","2072":" ","2073":"s","2074":"u","2075":"b","2076":"m","2077":"i","2078":"t","2079":"-","2080":"l","2081":"a","2082":"b","2083":"e","2084":"l","2085":"=","2086":"\\","2087":"\"","2088":"R","2089":"e","2090":"g","2091":"i","2092":"s","2093":"t","2094":"e","2095":"r","2096":"\\","2097":"\"","2098":"\\","2099":"r","2100":"\\","2101":"n","2102":" ","2103":" ","2104":" ","2105":" ","2106":" ","2107":" ","2108":" ","2109":" ","2110":"v","2111":"-","2112":"m","2113":"o","2114":"d","2115":"e","2116":"l","2117":"=","2118":"\\","2119":"\"","2120":"u","2121":"s","2122":"e","2123":"r","2124":"D","2125":"a","2126":"t","2127":"a","2128":"\\","2129":"\"","2130":"\\","2131":"r","2132":"\\","2133":"n","2134":" ","2135":" ","2136":" ","2137":" ","2138":" ","2139":" ","2140":" ","2141":" ","2142":"@","2143":"s","2144":"u","2145":"b","2146":"m","2147":"i","2148":"t","2149":"=","2150":"\\","2151":"\"","2152":"o","2153":"n","2154":"S","2155":"u","2156":"b","2157":"m","2158":"i","2159":"t","2160":"(","2161":")","2162":"\\","2163":"\"","2164":"\\","2165":"r","2166":"\\","2167":"n","2168":" ","2169":" ","2170":" ","2171":" ","2172":" ","2173":" ","2174":">","2175":"\\","2176":"r","2177":"\\","2178":"n","2179":" ","2180":" ","2181":" ","2182":" ","2183":" ","2184":" ","2185":" ","2186":" ","2187":"<","2188":"F","2189":"o","2190":"r","2191":"m","2192":"K","2193":"i","2194":"t","2195":"\\","2196":"r","2197":"\\","2198":"n","2199":" ","2200":" ","2201":" ","2202":" ","2203":" ","2204":" ","2205":" ","2206":" ","2207":" ","2208":" ","2209":"t","2210":"y","2211":"p","2212":"e","2213":"=","2214":"\\","2215":"\"","2216":"t","2217":"e","2218":"x","2219":"t","2220":"\\","2221":"\"","2222":"\\","2223":"r","2224":"\\","2225":"n","2226":" ","2227":" ","2228":" ","2229":" ","2230":" ","2231":" ","2232":" ","2233":" ","2234":" ","2235":" ","2236":"l","2237":"a","2238":"b","2239":"e","2240":"l","2241":"=","2242":"\\","2243":"\"","2244":"F","2245":"i","2246":"r","2247":"s","2248":"t","2249":" ","2250":"N","2251":"a","2252":"m","2253":"e","2254":"\\","2255":"\"","2256":"\\","2257":"r","2258":"\\","2259":"n","2260":" ","2261":" ","2262":" ","2263":" ","2264":" ","2265":" ","2266":" ","2267":" ","2268":" ","2269":" ","2270":"p","2271":"l","2272":"a","2273":"c","2274":"e","2275":"h","2276":"o","2277":"l","2278":"d","2279":"e","2280":"r","2281":"=","2282":"\\","2283":"\"","2284":"J","2285":"a","2286":"c","2287":"k","2288":"\\","2289":"\"","2290":"\\","2291":"r","2292":"\\","2293":"n","2294":" ","2295":" ","2296":" ","2297":" ","2298":" ","2299":" ","2300":" ","2301":" ","2302":" ","2303":" ","2304":"n","2305":"a","2306":"m","2307":"e","2308":"=","2309":"\\","2310":"\"","2311":"f","2312":"n","2313":"a","2314":"m","2315":"e","2316":"\\","2317":"\"","2318":"\\","2319":"r","2320":"\\","2321":"n","2322":" ","2323":" ","2324":" ","2325":" ","2326":" ","2327":" ","2328":" ","2329":" ","2330":" ","2331":" ","2332":"v","2333":"a","2334":"l","2335":"i","2336":"d","2337":"a","2338":"t","2339":"i","2340":"o","2341":"n","2342":"=","2343":"\\","2344":"\"","2345":"r","2346":"e","2347":"q","2348":"u","2349":"i","2350":"r","2351":"e","2352":"d","2353":"\\","2354":"\"","2355":"\\","2356":"r","2357":"\\","2358":"n","2359":" ","2360":" ","2361":" ","2362":" ","2363":" ","2364":" ","2365":" ","2366":" ","2367":"/","2368":">","2369":"\\","2370":"r","2371":"\\","2372":"n","2373":" ","2374":" ","2375":" ","2376":" ","2377":" ","2378":" ","2379":" ","2380":" ","2381":"<","2382":"F","2383":"o","2384":"r","2385":"m","2386":"K","2387":"i","2388":"t","2389":"\\","2390":"r","2391":"\\","2392":"n","2393":" ","2394":" ","2395":" ","2396":" ","2397":" ","2398":" ","2399":" ","2400":" ","2401":" ","2402":" ","2403":"t","2404":"y","2405":"p","2406":"e","2407":"=","2408":"\\","2409":"\"","2410":"t","2411":"e","2412":"x","2413":"t","2414":"\\","2415":"\"","2416":"\\","2417":"r","2418":"\\","2419":"n","2420":" ","2421":" ","2422":" ","2423":" ","2424":" ","2425":" ","2426":" ","2427":" ","2428":" ","2429":" ","2430":"l","2431":"a","2432":"b","2433":"e","2434":"l","2435":"=","2436":"\\","2437":"\"","2438":"L","2439":"a","2440":"s","2441":"t","2442":" ","2443":"N","2444":"a","2445":"m","2446":"e","2447":"\\","2448":"\"","2449":"\\","2450":"r","2451":"\\","2452":"n","2453":" ","2454":" ","2455":" ","2456":" ","2457":" ","2458":" ","2459":" ","2460":" ","2461":" ","2462":" ","2463":"p","2464":"l","2465":"a","2466":"c","2467":"e","2468":"h","2469":"o","2470":"l","2471":"d","2472":"e","2473":"r","2474":"=","2475":"\\","2476":"\"","2477":"S","2478":"h","2479":"u","2480":"k","2481":"l","2482":"a","2483":"\\","2484":"\"","2485":"\\","2486":"r","2487":"\\","2488":"n","2489":" ","2490":" ","2491":" ","2492":" ","2493":" ","2494":" ","2495":" ","2496":" ","2497":" ","2498":" ","2499":"n","2500":"a","2501":"m","2502":"e","2503":"=","2504":"\\","2505":"\"","2506":"l","2507":"n","2508":"a","2509":"m","2510":"e","2511":"\\","2512":"\"","2513":"\\","2514":"r","2515":"\\","2516":"n","2517":" ","2518":" ","2519":" ","2520":" ","2521":" ","2522":" ","2523":" ","2524":" ","2525":" ","2526":" ","2527":"v","2528":"a","2529":"l","2530":"i","2531":"d","2532":"a","2533":"t","2534":"i","2535":"o","2536":"n","2537":"=","2538":"\\","2539":"\"","2540":"r","2541":"e","2542":"q","2543":"u","2544":"i","2545":"r","2546":"e","2547":"d","2548":"\\","2549":"\"","2550":"\\","2551":"r","2552":"\\","2553":"n","2554":" ","2555":" ","2556":" ","2557":" ","2558":" ","2559":" ","2560":" ","2561":" ","2562":"/","2563":">","2564":"\\","2565":"r","2566":"\\","2567":"n","2568":"\\","2569":"r","2570":"\\","2571":"n","2572":" ","2573":" ","2574":" ","2575":" ","2576":" ","2577":" ","2578":" ","2579":" ","2580":"<","2581":"F","2582":"o","2583":"r","2584":"m","2585":"K","2586":"i","2587":"t","2588":"\\","2589":"r","2590":"\\","2591":"n","2592":" ","2593":" ","2594":" ","2595":" ","2596":" ","2597":" ","2598":" ","2599":" ","2600":" ","2601":" ","2602":"t","2603":"y","2604":"p","2605":"e","2606":"=","2607":"\\","2608":"\"","2609":"n","2610":"u","2611":"m","2612":"b","2613":"e","2614":"r","2615":"\\","2616":"\"","2617":"\\","2618":"r","2619":"\\","2620":"n","2621":" ","2622":" ","2623":" ","2624":" ","2625":" ","2626":" ","2627":" ","2628":" ","2629":" ","2630":" ","2631":"l","2632":"a","2633":"b","2634":"e","2635":"l","2636":"=","2637":"\\","2638":"\"","2639":"M","2640":"o","2641":"b","2642":"i","2643":"l","2644":"e","2645":"\\","2646":"\"","2647":"\\","2648":"r","2649":"\\","2650":"n","2651":" ","2652":" ","2653":" ","2654":" ","2655":" ","2656":" ","2657":" ","2658":" ","2659":" ","2660":" ","2661":"p","2662":"l","2663":"a","2664":"c","2665":"e","2666":"h","2667":"o","2668":"l","2669":"d","2670":"e","2671":"r","2672":"=","2673":"\\","2674":"\"","2675":"9","2676":"8","2677":"7","2678":"6","2679":"5","2680":"4","2681":"3","2682":"2","2683":"1","2684":"0","2685":"\\","2686":"\"","2687":"\\","2688":"r","2689":"\\","2690":"n","2691":" ","2692":" ","2693":" ","2694":" ","2695":" ","2696":" ","2697":" ","2698":" ","2699":" ","2700":" ","2701":"n","2702":"a","2703":"m","2704":"e","2705":"=","2706":"\\","2707":"\"","2708":"m","2709":"o","2710":"b","2711":"i","2712":"l","2713":"e","2714":"\\","2715":"\"","2716":"\\","2717":"r","2718":"\\","2719":"n","2720":" ","2721":" ","2722":" ","2723":" ","2724":" ","2725":" ","2726":" ","2727":" ","2728":" ","2729":" ","2730":"h","2731":"e","2732":"l","2733":"p","2734":"=","2735":"\\","2736":"\"","2737":"E","2738":"n","2739":"t","2740":"e","2741":"r","2742":" ","2743":"y","2744":"o","2745":"u","2746":"r","2747":" ","2748":"1","2749":"0","2750":"-","2751":"d","2752":"i","2753":"g","2754":"i","2755":"t","2756":" ","2757":"n","2758":"u","2759":"m","2760":"b","2761":"e","2762":"r","2763":"\\","2764":"\"","2765":"\\","2766":"r","2767":"\\","2768":"n","2769":" ","2770":" ","2771":" ","2772":" ","2773":" ","2774":" ","2775":" ","2776":" ","2777":" ","2778":" ","2779":"v","2780":"a","2781":"l","2782":"i","2783":"d","2784":"a","2785":"t","2786":"i","2787":"o","2788":"n","2789":"=","2790":"\\","2791":"\"","2792":"r","2793":"e","2794":"q","2795":"u","2796":"i","2797":"r","2798":"e","2799":"d","2800":"|","2801":"l","2802":"e","2803":"n","2804":"g","2805":"t","2806":"h","2807":":","2808":"1","2809":"0","2810":"|","2811":"m","2812":"a","2813":"t","2814":"c","2815":"h","2816":"e","2817":"s","2818":":","2819":"/","2820":"[","2821":"6","2822":"-","2823":"9","2824":"]","2825":"[","2826":"0","2827":"-","2828":"9","2829":"]","2830":"{","2831":"9","2832":"}","2833":"/","2834":"\\","2835":"\"","2836":"\\","2837":"r","2838":"\\","2839":"n","2840":" ","2841":" ","2842":" ","2843":" ","2844":" ","2845":" ","2846":" ","2847":" ","2848":"/","2849":">","2850":"\\","2851":"r","2852":"\\","2853":"n","2854":" ","2855":" ","2856":" ","2857":" ","2858":" ","2859":" ","2860":" ","2861":" ","2862":"<","2863":"F","2864":"o","2865":"r","2866":"m","2867":"K","2868":"i","2869":"t","2870":"\\","2871":"r","2872":"\\","2873":"n","2874":" ","2875":" ","2876":" ","2877":" ","2878":" ","2879":" ","2880":" ","2881":" ","2882":" ","2883":" ","2884":"t","2885":"y","2886":"p","2887":"e","2888":"=","2889":"\\","2890":"\"","2891":"e","2892":"m","2893":"a","2894":"i","2895":"l","2896":"\\","2897":"\"","2898":"\\","2899":"r","2900":"\\","2901":"n","2902":" ","2903":" ","2904":" ","2905":" ","2906":" ","2907":" ","2908":" ","2909":" ","2910":" ","2911":" ","2912":"l","2913":"a","2914":"b","2915":"e","2916":"l","2917":"=","2918":"\\","2919":"\"","2920":"E","2921":"m","2922":"a","2923":"i","2924":"l","2925":"\\","2926":"\"","2927":"\\","2928":"r","2929":"\\","2930":"n","2931":" ","2932":" ","2933":" ","2934":" ","2935":" ","2936":" ","2937":" ","2938":" ","2939":" ","2940":" ","2941":"p","2942":"l","2943":"a","2944":"c","2945":"e","2946":"h","2947":"o","2948":"l","2949":"d","2950":"e","2951":"r","2952":"=","2953":"\\","2954":"\"","2955":"e","2956":"x","2957":"a","2958":"m","2959":"p","2960":"l","2961":"e","2962":"@","2963":"g","2964":"m","2965":"a","2966":"i","2967":"l","2968":".","2969":"c","2970":"o","2971":"m","2972":"\\","2973":"\"","2974":"\\","2975":"r","2976":"\\","2977":"n","2978":" ","2979":" ","2980":" ","2981":" ","2982":" ","2983":" ","2984":" ","2985":" ","2986":" ","2987":" ","2988":"n","2989":"a","2990":"m","2991":"e","2992":"=","2993":"\\","2994":"\"","2995":"e","2996":"m","2997":"a","2998":"i","2999":"l","3000":"\\","3001":"\"","3002":"\\","3003":"r","3004":"\\","3005":"n","3006":" ","3007":" ","3008":" ","3009":" ","3010":" ","3011":" ","3012":" ","3013":" ","3014":" ","3015":" ","3016":"v","3017":"a","3018":"l","3019":"i","3020":"d","3021":"a","3022":"t","3023":"i","3024":"o","3025":"n","3026":"=","3027":"\\","3028":"\"","3029":"r","3030":"e","3031":"q","3032":"u","3033":"i","3034":"r","3035":"e","3036":"d","3037":"|","3038":"e","3039":"m","3040":"a","3041":"i","3042":"l","3043":"\\","3044":"\"","3045":"\\","3046":"r","3047":"\\","3048":"n","3049":" ","3050":" ","3051":" ","3052":" ","3053":" ","3054":" ","3055":" ","3056":" ","3057":"/","3058":">","3059":"\\","3060":"r","3061":"\\","3062":"n","3063":" ","3064":" ","3065":" ","3066":" ","3067":" ","3068":" ","3069":" ","3070":" ","3071":"<","3072":"F","3073":"o","3074":"r","3075":"m","3076":"K","3077":"i","3078":"t","3079":"\\","3080":"r","3081":"\\","3082":"n","3083":" ","3084":" ","3085":" ","3086":" ","3087":" ","3088":" ","3089":" ","3090":" ","3091":" ","3092":" ","3093":"t","3094":"y","3095":"p","3096":"e","3097":"=","3098":"\\","3099":"\"","3100":"p","3101":"a","3102":"s","3103":"s","3104":"w","3105":"o","3106":"r","3107":"d","3108":"\\","3109":"\"","3110":"\\","3111":"r","3112":"\\","3113":"n","3114":" ","3115":" ","3116":" ","3117":" ","3118":" ","3119":" ","3120":" ","3121":" ","3122":" ","3123":" ","3124":"l","3125":"a","3126":"b","3127":"e","3128":"l","3129":"=","3130":"\\","3131":"\"","3132":"P","3133":"a","3134":"s","3135":"s","3136":"w","3137":"o","3138":"r","3139":"d","3140":"\\","3141":"\"","3142":"\\","3143":"r","3144":"\\","3145":"n","3146":" ","3147":" ","3148":" ","3149":" ","3150":" ","3151":" ","3152":" ","3153":" ","3154":" ","3155":" ","3156":"p","3157":"l","3158":"a","3159":"c","3160":"e","3161":"h","3162":"o","3163":"l","3164":"d","3165":"e","3166":"r","3167":"=","3168":"\\","3169":"\"","3170":"*","3171":"*","3172":"*","3173":"*","3174":"*","3175":"*","3176":"*","3177":"*","3178":"\\","3179":"\"","3180":"\\","3181":"r","3182":"\\","3183":"n","3184":" ","3185":" ","3186":" ","3187":" ","3188":" ","3189":" ","3190":" ","3191":" ","3192":" ","3193":" ","3194":"n","3195":"a","3196":"m","3197":"e","3198":"=","3199":"\\","3200":"\"","3201":"p","3202":"a","3203":"s","3204":"s","3205":"w","3206":"o","3207":"r","3208":"d","3209":"\\","3210":"\"","3211":"\\","3212":"r","3213":"\\","3214":"n","3215":" ","3216":" ","3217":" ","3218":" ","3219":" ","3220":" ","3221":" ","3222":" ","3223":" ","3224":" ","3225":"v","3226":"a","3227":"l","3228":"i","3229":"d","3230":"a","3231":"t","3232":"i","3233":"o","3234":"n","3235":"=","3236":"\\","3237":"\"","3238":"r","3239":"e","3240":"q","3241":"u","3242":"i","3243":"r","3244":"e","3245":"d","3246":"|","3247":"l","3248":"e","3249":"n","3250":"g","3251":"t","3252":"h","3253":":","3254":"8","3255":"\\","3256":"\"","3257":"\\","3258":"r","3259":"\\","3260":"n","3261":" ","3262":" ","3263":" ","3264":" ","3265":" ","3266":" ","3267":" ","3268":" ","3269":"/","3270":">","3271":"\\","3272":"r","3273":"\\","3274":"n","3275":" ","3276":" ","3277":" ","3278":" ","3279":" ","3280":" ","3281":" ","3282":" ","3283":"<","3284":"F","3285":"o","3286":"r","3287":"m","3288":"K","3289":"i","3290":"t","3291":"\\","3292":"r","3293":"\\","3294":"n","3295":" ","3296":" ","3297":" ","3298":" ","3299":" ","3300":" ","3301":" ","3302":" ","3303":" ","3304":" ","3305":"t","3306":"y","3307":"p","3308":"e","3309":"=","3310":"\\","3311":"\"","3312":"p","3313":"a","3314":"s","3315":"s","3316":"w","3317":"o","3318":"r","3319":"d","3320":"\\","3321":"\"","3322":"\\","3323":"r","3324":"\\","3325":"n","3326":" ","3327":" ","3328":" ","3329":" ","3330":" ","3331":" ","3332":" ","3333":" ","3334":" ","3335":" ","3336":"l","3337":"a","3338":"b","3339":"e","3340":"l","3341":"=","3342":"\\","3343":"\"","3344":"C","3345":"o","3346":"n","3347":"f","3348":"i","3349":"r","3350":"m","3351":" ","3352":"p","3353":"a","3354":"s","3355":"s","3356":"w","3357":"o","3358":"r","3359":"d","3360":"\\","3361":"\"","3362":"\\","3363":"r","3364":"\\","3365":"n","3366":" ","3367":" ","3368":" ","3369":" ","3370":" ","3371":" ","3372":" ","3373":" ","3374":" ","3375":" ","3376":"p","3377":"l","3378":"a","3379":"c","3380":"e","3381":"h","3382":"o","3383":"l","3384":"d","3385":"e","3386":"r","3387":"=","3388":"\\","3389":"\"","3390":"*","3391":"*","3392":"*","3393":"*","3394":"*","3395":"*","3396":"*","3397":"*","3398":"\\","3399":"\"","3400":"\\","3401":"r","3402":"\\","3403":"n","3404":" ","3405":" ","3406":" ","3407":" ","3408":" ","3409":" ","3410":" ","3411":" ","3412":" ","3413":" ","3414":"n","3415":"a","3416":"m","3417":"e","3418":"=","3419":"\\","3420":"\"","3421":"p","3422":"a","3423":"s","3424":"s","3425":"w","3426":"o","3427":"r","3428":"d","3429":"_","3430":"c","3431":"o","3432":"n","3433":"f","3434":"i","3435":"r","3436":"m","3437":"\\","3438":"\"","3439":"\\","3440":"r","3441":"\\","3442":"n","3443":" ","3444":" ","3445":" ","3446":" ","3447":" ","3448":" ","3449":" ","3450":" ","3451":" ","3452":" ","3453":"h","3454":"e","3455":"l","3456":"p","3457":"=","3458":"\\","3459":"\"","3460":"R","3461":"e","3462":"-","3463":"e","3464":"n","3465":"t","3466":"e","3467":"r","3468":" ","3469":"s","3470":"a","3471":"m","3472":"e","3473":" ","3474":"p","3475":"a","3476":"s","3477":"s","3478":"w","3479":"o","3480":"r","3481":"d","3482":"\\","3483":"\"","3484":"\\","3485":"r","3486":"\\","3487":"n","3488":" ","3489":" ","3490":" ","3491":" ","3492":" ","3493":" ","3494":" ","3495":" ","3496":" ","3497":" ","3498":"v","3499":"a","3500":"l","3501":"i","3502":"d","3503":"a","3504":"t","3505":"i","3506":"o","3507":"n","3508":"=","3509":"\\","3510":"\"","3511":"r","3512":"e","3513":"q","3514":"u","3515":"i","3516":"r","3517":"e","3518":"d","3519":"|","3520":"c","3521":"o","3522":"n","3523":"f","3524":"i","3525":"r","3526":"m","3527":"\\","3528":"\"","3529":"\\","3530":"r","3531":"\\","3532":"n","3533":" ","3534":" ","3535":" ","3536":" ","3537":" ","3538":" ","3539":" ","3540":" ","3541":"/","3542":">","3543":"\\","3544":"r","3545":"\\","3546":"n","3547":" ","3548":" ","3549":" ","3550":" ","3551":" ","3552":" ","3553":" ","3554":" ","3555":"<","3556":"F","3557":"o","3558":"r","3559":"m","3560":"K","3561":"i","3562":"t","3563":"\\","3564":"r","3565":"\\","3566":"n","3567":" ","3568":" ","3569":" ","3570":" ","3571":" ","3572":" ","3573":" ","3574":" ","3575":" ","3576":" ","3577":"t","3578":"y","3579":"p","3580":"e","3581":"=","3582":"\\","3583":"\"","3584":"d","3585":"a","3586":"t","3587":"e","3588":"\\","3589":"\"","3590":"\\","3591":"r","3592":"\\","3593":"n","3594":" ","3595":" ","3596":" ","3597":" ","3598":" ","3599":" ","3600":" ","3601":" ","3602":" ","3603":" ","3604":"l","3605":"a","3606":"b","3607":"e","3608":"l","3609":"=","3610":"\\","3611":"\"","3612":"D","3613":"a","3614":"t","3615":"e","3616":" ","3617":"o","3618":"f","3619":" ","3620":"B","3621":"i","3622":"r","3623":"t","3624":"h","3625":"\\","3626":"\"","3627":"\\","3628":"r","3629":"\\","3630":"n","3631":" ","3632":" ","3633":" ","3634":" ","3635":" ","3636":" ","3637":" ","3638":" ","3639":" ","3640":" ","3641":"n","3642":"a","3643":"m","3644":"e","3645":"=","3646":"\\","3647":"\"","3648":"d","3649":"o","3650":"b","3651":"\\","3652":"\"","3653":"\\","3654":"r","3655":"\\","3656":"n","3657":" ","3658":" ","3659":" ","3660":" ","3661":" ","3662":" ","3663":" ","3664":" ","3665":" ","3666":" ","3667":"v","3668":"a","3669":"l","3670":"i","3671":"d","3672":"a","3673":"t","3674":"i","3675":"o","3676":"n","3677":"=","3678":"\\","3679":"\"","3680":"r","3681":"e","3682":"q","3683":"u","3684":"i","3685":"r","3686":"e","3687":"d","3688":"|","3689":"d","3690":"a","3691":"t","3692":"e","3693":"_","3694":"b","3695":"e","3696":"f","3697":"o","3698":"r","3699":"e","3700":":","3701":"2","3702":"0","3703":"1","3704":"0","3705":"-","3706":"0","3707":"1","3708":"-","3709":"0","3710":"1","3711":"\\","3712":"\"","3713":"\\","3714":"r","3715":"\\","3716":"n","3717":" ","3718":" ","3719":" ","3720":" ","3721":" ","3722":" ","3723":" ","3724":" ","3725":"/","3726":">","3727":"\\","3728":"r","3729":"\\","3730":"n","3731":" ","3732":" ","3733":" ","3734":" ","3735":" ","3736":" ","3737":" ","3738":" ","3739":"<","3740":"F","3741":"o","3742":"r","3743":"m","3744":"K","3745":"i","3746":"t","3747":"\\","3748":"r","3749":"\\","3750":"n","3751":" ","3752":" ","3753":" ","3754":" ","3755":" ","3756":" ","3757":" ","3758":" ","3759":" ","3760":" ","3761":"t","3762":"y","3763":"p","3764":"e","3765":"=","3766":"\\","3767":"\"","3768":"s","3769":"e","3770":"l","3771":"e","3772":"c","3773":"t","3774":"\\","3775":"\"","3776":"\\","3777":"r","3778":"\\","3779":"n","3780":" ","3781":" ","3782":" ","3783":" ","3784":" ","3785":" ","3786":" ","3787":" ","3788":" ","3789":" ","3790":"l","3791":"a","3792":"b","3793":"e","3794":"l","3795":"=","3796":"\\","3797":"\"","3798":"G","3799":"e","3800":"n","3801":"d","3802":"e","3803":"r","3804":"\\","3805":"\"","3806":"\\","3807":"r","3808":"\\","3809":"n","3810":" ","3811":" ","3812":" ","3813":" ","3814":" ","3815":" ","3816":" ","3817":" ","3818":" ","3819":" ","3820":"n","3821":"a","3822":"m","3823":"e","3824":"=","3825":"\\","3826":"\"","3827":"g","3828":"e","3829":"n","3830":"d","3831":"e","3832":"r","3833":"\\","3834":"\"","3835":"\\","3836":"r","3837":"\\","3838":"n","3839":" ","3840":" ","3841":" ","3842":" ","3843":" ","3844":" ","3845":" ","3846":" ","3847":" ","3848":" ","3849":":","3850":"o","3851":"p","3852":"t","3853":"i","3854":"o","3855":"n","3856":"s","3857":"=","3858":"\\","3859":"\"","3860":"o","3861":"p","3862":"t","3863":"i","3864":"o","3865":"n","3866":"s","3867":"\\","3868":"\"","3869":"\\","3870":"r","3871":"\\","3872":"n","3873":" ","3874":" ","3875":" ","3876":" ","3877":" ","3878":" ","3879":" ","3880":" ","3881":" ","3882":" ","3883":"v","3884":"a","3885":"l","3886":"i","3887":"d","3888":"a","3889":"t","3890":"i","3891":"o","3892":"n","3893":"=","3894":"\\","3895":"\"","3896":"r","3897":"e","3898":"q","3899":"u","3900":"i","3901":"r","3902":"e","3903":"d","3904":"\\","3905":"\"","3906":"\\","3907":"r","3908":"\\","3909":"n","3910":" ","3911":" ","3912":" ","3913":" ","3914":" ","3915":" ","3916":" ","3917":" ","3918":" ","3919":" ","3920":"v","3921":"a","3922":"l","3923":"i","3924":"d","3925":"a","3926":"t","3927":"i","3928":"o","3929":"n","3930":"-","3931":"l","3932":"a","3933":"b","3934":"e","3935":"l","3936":"=","3937":"\\","3938":"\"","3939":"G","3940":"e","3941":"n","3942":"d","3943":"e","3944":"r","3945":"\\","3946":"\"","3947":"\\","3948":"r","3949":"\\","3950":"n","3951":" ","3952":" ","3953":" ","3954":" ","3955":" ","3956":" ","3957":" ","3958":" ","3959":"/","3960":">","3961":"\\","3962":"r","3963":"\\","3964":"n","3965":" ","3966":" ","3967":" ","3968":" ","3969":" ","3970":" ","3971":" ","3972":" ","3973":"<","3974":"F","3975":"o","3976":"r","3977":"m","3978":"K","3979":"i","3980":"t","3981":"\\","3982":"r","3983":"\\","3984":"n","3985":" ","3986":" ","3987":" ","3988":" ","3989":" ","3990":" ","3991":" ","3992":" ","3993":" ","3994":" ","3995":"t","3996":"y","3997":"p","3998":"e","3999":"=","4000":"\\","4001":"\"","4002":"c","4003":"h","4004":"e","4005":"c","4006":"k","4007":"b","4008":"o","4009":"x","4010":"\\","4011":"\"","4012":"\\","4013":"r","4014":"\\","4015":"n","4016":" ","4017":" ","4018":" ","4019":" ","4020":" ","4021":" ","4022":" ","4023":" ","4024":" ","4025":" ","4026":"l","4027":"a","4028":"b","4029":"e","4030":"l","4031":"=","4032":"\\","4033":"\"","4034":"S","4035":"k","4036":"i","4037":"l","4038":"l","4039":"s","4040":"\\","4041":"\"","4042":"\\","4043":"r","4044":"\\","4045":"n","4046":" ","4047":" ","4048":" ","4049":" ","4050":" ","4051":" ","4052":" ","4053":" ","4054":" ","4055":" ","4056":"n","4057":"a","4058":"m","4059":"e","4060":"=","4061":"\\","4062":"\"","4063":"s","4064":"k","4065":"i","4066":"l","4067":"l","4068":"s","4069":"\\","4070":"\"","4071":"\\","4072":"r","4073":"\\","4074":"n","4075":" ","4076":" ","4077":" ","4078":" ","4079":" ","4080":" ","4081":" ","4082":" ","4083":" ","4084":" ","4085":":","4086":"o","4087":"p","4088":"t","4089":"i","4090":"o","4091":"n","4092":"s","4093":"=","4094":"\\","4095":"\"","4096":"s","4097":"o","4098":"p","4099":"t","4100":"i","4101":"o","4102":"n","4103":"s","4104":"\\","4105":"\"","4106":"\\","4107":"r","4108":"\\","4109":"n","4110":" ","4111":" ","4112":" ","4113":" ","4114":" ","4115":" ","4116":" ","4117":" ","4118":" ","4119":" ","4120":"v","4121":"a","4122":"l","4123":"i","4124":"d","4125":"a","4126":"t","4127":"i","4128":"o","4129":"n","4130":"=","4131":"\\","4132":"\"","4133":"+","4134":"m","4135":"i","4136":"n","4137":":","4138":"1","4139":"\\","4140":"\"","4141":"\\","4142":"r","4143":"\\","4144":"n","4145":" ","4146":" ","4147":" ","4148":" ","4149":" ","4150":" ","4151":" ","4152":" ","4153":"/","4154":">","4155":"\\","4156":"r","4157":"\\","4158":"n","4159":" ","4160":" ","4161":" ","4162":" ","4163":" ","4164":" ","4165":" ","4166":" ","4167":"<","4168":"F","4169":"o","4170":"r","4171":"m","4172":"K","4173":"i","4174":"t","4175":"\\","4176":"r","4177":"\\","4178":"n","4179":" ","4180":" ","4181":" ","4182":" ","4183":" ","4184":" ","4185":" ","4186":" ","4187":" ","4188":" ","4189":"t","4190":"y","4191":"p","4192":"e","4193":"=","4194":"\\","4195":"\"","4196":"r","4197":"a","4198":"d","4199":"i","4200":"o","4201":"\\","4202":"\"","4203":"\\","4204":"r","4205":"\\","4206":"n","4207":" ","4208":" ","4209":" ","4210":" ","4211":" ","4212":" ","4213":" ","4214":" ","4215":" ","4216":" ","4217":"l","4218":"a","4219":"b","4220":"e","4221":"l","4222":"=","4223":"\\","4224":"\"","4225":"D","4226":"e","4227":"g","4228":"r","4229":"e","4230":"e","4231":"\\","4232":"\"","4233":"\\","4234":"r","4235":"\\","4236":"n","4237":" ","4238":" ","4239":" ","4240":" ","4241":" ","4242":" ","4243":" ","4244":" ","4245":" ","4246":" ","4247":"n","4248":"a","4249":"m","4250":"e","4251":"=","4252":"\\","4253":"\"","4254":"d","4255":"e","4256":"g","4257":"r","4258":"e","4259":"e","4260":"\\","4261":"\"","4262":"\\","4263":"r","4264":"\\","4265":"n","4266":" ","4267":" ","4268":" ","4269":" ","4270":" ","4271":" ","4272":" ","4273":" ","4274":" ","4275":" ","4276":":","4277":"o","4278":"p","4279":"t","4280":"i","4281":"o","4282":"n","4283":"s","4284":"=","4285":"\\","4286":"\"","4287":"d","4288":"o","4289":"p","4290":"t","4291":"i","4292":"o","4293":"n","4294":"s","4295":"\\","4296":"\"","4297":"\\","4298":"r","4299":"\\","4300":"n","4301":" ","4302":" ","4303":" ","4304":" ","4305":" ","4306":" ","4307":" ","4308":" ","4309":" ","4310":" ","4311":"v","4312":"a","4313":"l","4314":"i","4315":"d","4316":"a","4317":"t","4318":"i","4319":"o","4320":"n","4321":"=","4322":"\\","4323":"\"","4324":"r","4325":"e","4326":"q","4327":"u","4328":"i","4329":"r","4330":"e","4331":"d","4332":"\\","4333":"\"","4334":"\\","4335":"r","4336":"\\","4337":"n","4338":" ","4339":" ","4340":" ","4341":" ","4342":" ","4343":" ","4344":" ","4345":" ","4346":"/","4347":">","4348":"\\","4349":"r","4350":"\\","4351":"n","4352":" ","4353":" ","4354":" ","4355":" ","4356":" ","4357":" ","4358":" ","4359":" ","4360":"<","4361":"F","4362":"o","4363":"r","4364":"m","4365":"K","4366":"i","4367":"t","4368":"\\","4369":"r","4370":"\\","4371":"n","4372":" ","4373":" ","4374":" ","4375":" ","4376":" ","4377":" ","4378":" ","4379":" ","4380":" ","4381":" ","4382":"t","4383":"y","4384":"p","4385":"e","4386":"=","4387":"\\","4388":"\"","4389":"c","4390":"h","4391":"e","4392":"c","4393":"k","4394":"b","4395":"o","4396":"x","4397":"\\","4398":"\"","4399":"\\","4400":"r","4401":"\\","4402":"n","4403":" ","4404":" ","4405":" ","4406":" ","4407":" ","4408":" ","4409":" ","4410":" ","4411":" ","4412":" ","4413":"l","4414":"a","4415":"b","4416":"e","4417":"l","4418":"=","4419":"\\","4420":"\"","4421":"I","4422":" ","4423":"a","4424":"c","4425":"c","4426":"e","4427":"p","4428":"t","4429":" ","4430":"\\","4431":"\"","4432":"\\","4433":"r","4434":"\\","4435":"n","4436":" ","4437":" ","4438":" ","4439":" ","4440":" ","4441":" ","4442":" ","4443":" ","4444":" ","4445":" ","4446":"n","4447":"a","4448":"m","4449":"e","4450":"=","4451":"\\","4452":"\"","4453":"a","4454":"c","4455":"c","4456":"e","4457":"p","4458":"t","4459":"a","4460":"n","4461":"c","4462":"e","4463":"\\","4464":"\"","4465":"\\","4466":"r","4467":"\\","4468":"n","4469":" ","4470":" ","4471":" ","4472":" ","4473":" ","4474":" ","4475":" ","4476":" ","4477":" ","4478":" ","4479":"v","4480":"a","4481":"l","4482":"i","4483":"d","4484":"a","4485":"t","4486":"i","4487":"o","4488":"n","4489":"=","4490":"\\","4491":"\"","4492":"r","4493":"e","4494":"q","4495":"u","4496":"i","4497":"r","4498":"e","4499":"d","4500":"\\","4501":"\"","4502":"\\","4503":"r","4504":"\\","4505":"n","4506":" ","4507":" ","4508":" ","4509":" ","4510":" ","4511":" ","4512":" ","4513":" ","4514":" ","4515":" ","4516":"v","4517":"a","4518":"l","4519":"i","4520":"d","4521":"a","4522":"t","4523":"i","4524":"o","4525":"n","4526":"-","4527":"l","4528":"a","4529":"b","4530":"e","4531":"l","4532":"=","4533":"\\","4534":"\"","4535":"A","4536":"c","4537":"c","4538":"e","4539":"p","4540":"t","4541":"a","4542":"n","4543":"c","4544":"e","4545":"\\","4546":"\"","4547":"\\","4548":"r","4549":"\\","4550":"n","4551":" ","4552":" ","4553":" ","4554":" ","4555":" ","4556":" ","4557":" ","4558":" ","4559":"/","4560":">","4561":"\\","4562":"r","4563":"\\","4564":"n","4565":" ","4566":" ","4567":" ","4568":" ","4569":" ","4570":" ","4571":"<","4572":"/","4573":"F","4574":"o","4575":"r","4576":"m","4577":"K","4578":"i","4579":"t","4580":">","4581":"\\","4582":"r","4583":"\\","4584":"n","4585":" ","4586":" ","4587":" ","4588":" ","4589":"<","4590":"/","4591":"d","4592":"i","4593":"v","4594":">","4595":"\\","4596":"r","4597":"\\","4598":"n","4599":" ","4600":" ","4601":"<","4602":"/","4603":"d","4604":"i","4605":"v","4606":">","4607":"\\","4608":"r","4609":"\\","4610":"n","4611":"<","4612":"/","4613":"t","4614":"e","4615":"m","4616":"p","4617":"l","4618":"a","4619":"t","4620":"e","4621":">","4622":"\\","4623":"r","4624":"\\","4625":"n","4626":"\\","4627":"r","4628":"\\","4629":"n","4630":"\"","4631":"]","4632":"}"},"_coverageSchema":"1a1c01bbd47fc00a2c39e90264f33305004495a9","hash":"8de1f7288361a232889b5e45fce695254c4229bc"}
,"D:\\VueJS\\Registration-Form\\src\\components\\HomePage.vue": {"path":"D:\\VueJS\\Registration-Form\\src\\components\\HomePage.vue","statementMap":{"0":{"start":{"line":4,"column":0},"end":{"line":6,"column":3}},"1":{"start":{"line":7,"column":0},"end":{"line":7,"column":25}},"2":{"start":{"line":8,"column":15},"end":{"line":10,"column":1}},"3":{"start":{"line":13,"column":0},"end":{"line":13,"column":13}},"4":{"start":{"line":15,"column":0},"end":{"line":17,"column":3}},"5":{"start":{"line":18,"column":0},"end":{"line":18,"column":24}},"6":{"start":{"line":19,"column":11},"end":{"line":19,"column":25}},"7":{"start":{"line":20,"column":19},"end":{"line":22,"column":1}},"8":{"start":{"line":23,"column":32},"end":{"line":29,"column":92}},"9":{"start":{"line":30,"column":19},"end":{"line":30,"column":31}},"10":{"start":{"line":32,"column":2},"end":{"line":32,"column":92}},"11":{"start":{"line":33,"column":2},"end":{"line":33,"column":49}}},"fnMap":{"0":{"name":"render","decl":{"start":{"line":31,"column":9},"end":{"line":31,"column":15}},"loc":{"start":{"line":31,"column":30},"end":{"line":33,"column":1}},"line":31}},"branchMap":{},"s":{"0":2,"1":2,"2":2,"3":2,"4":2,"5":2,"6":2,"7":2,"8":2,"9":2,"10":1,"11":2},"f":{"0":1},"b":{},"inputSourceMap":{"0":"{","1":"\"","2":"v","3":"e","4":"r","5":"s","6":"i","7":"o","8":"n","9":"\"","10":":","11":"3","12":",","13":"\"","14":"s","15":"o","16":"u","17":"r","18":"c","19":"e","20":"s","21":"\"","22":":","23":"[","24":"\"","25":"D","26":":","27":"\\","28":"\\","29":"V","30":"u","31":"e","32":"J","33":"S","34":"\\","35":"\\","36":"R","37":"e","38":"g","39":"i","40":"s","41":"t","42":"r","43":"a","44":"t","45":"i","46":"o","47":"n","48":"-","49":"F","50":"o","51":"r","52":"m","53":"\\","54":"\\","55":"s","56":"r","57":"c","58":"\\","59":"\\","60":"c","61":"o","62":"m","63":"p","64":"o","65":"n","66":"e","67":"n","68":"t","69":"s","70":"\\","71":"\\","72":"H","73":"o","74":"m","75":"e","76":"P","77":"a","78":"g","79":"e","80":".","81":"v","82":"u","83":"e","84":"\"","85":"]","86":",","87":"\"","88":"n","89":"a","90":"m","91":"e","92":"s","93":"\"","94":":","95":"[","96":"]","97":",","98":"\"","99":"m","100":"a","101":"p","102":"p","103":"i","104":"n","105":"g","106":"s","107":"\"","108":":","109":"\"","110":";","111":";","112":";","113":";","114":";","115":";","116":";","117":"e","118":"A","119":"C","120":"c","121":";","122":"E","123":"A","124":"C","125":"V","126":",","127":"I","128":"A","129":"A","130":"I","131":",","132":"E","133":"A","134":"A","135":"C","136":";","137":"A","138":"A","139":"C","140":"T","141":",","142":"C","143":"A","144":"A","145":"C","146":";","147":"A","148":"A","149":"A","150":"A","151":";","152":"A","153":"A","154":"A","155":"A","156":"\"","157":",","158":"\"","159":"f","160":"i","161":"l","162":"e","163":"\"","164":":","165":"\"","166":"D","167":":","168":"\\","169":"\\","170":"V","171":"u","172":"e","173":"J","174":"S","175":"\\","176":"\\","177":"R","178":"e","179":"g","180":"i","181":"s","182":"t","183":"r","184":"a","185":"t","186":"i","187":"o","188":"n","189":"-","190":"F","191":"o","192":"r","193":"m","194":"\\","195":"\\","196":"s","197":"r","198":"c","199":"\\","200":"\\","201":"c","202":"o","203":"m","204":"p","205":"o","206":"n","207":"e","208":"n","209":"t","210":"s","211":"\\","212":"\\","213":"H","214":"o","215":"m","216":"e","217":"P","218":"a","219":"g","220":"e","221":".","222":"v","223":"u","224":"e","225":"\"","226":",","227":"\"","228":"s","229":"o","230":"u","231":"r","232":"c","233":"e","234":"s","235":"C","236":"o","237":"n","238":"t","239":"e","240":"n","241":"t","242":"\"","243":":","244":"[","245":"\"","246":"<","247":"s","248":"c","249":"r","250":"i","251":"p","252":"t","253":">","254":"\\","255":"r","256":"\\","257":"n","258":"e","259":"x","260":"p","261":"o","262":"r","263":"t","264":" ","265":"d","266":"e","267":"f","268":"a","269":"u","270":"l","271":"t","272":"{","273":"\\","274":"r","275":"\\","276":"n","277":" ","278":" ","279":" ","280":" ","281":"n","282":"a","283":"m","284":"e","285":":","286":"'","287":"H","288":"o","289":"m","290":"e","291":"P","292":"a","293":"g","294":"e","295":"'","296":"\\","297":"r","298":"\\","299":"n","300":"}","301":"\\","302":"r","303":"\\","304":"n","305":"<","306":"/","307":"s","308":"c","309":"r","310":"i","311":"p","312":"t","313":">","314":"\\","315":"r","316":"\\","317":"n","318":"\\","319":"r","320":"\\","321":"n","322":"<","323":"t","324":"e","325":"m","326":"p","327":"l","328":"a","329":"t","330":"e","331":">","332":"\\","333":"r","334":"\\","335":"n","336":" ","337":" ","338":" ","339":" ","340":"<","341":"d","342":"i","343":"v","344":" ","345":"c","346":"l","347":"a","348":"s","349":"s","350":"=","351":"\\","352":"\"","353":"c","354":"o","355":"n","356":"t","357":"a","358":"i","359":"n","360":"e","361":"r","362":"-","363":"f","364":"l","365":"u","366":"i","367":"d","368":" ","369":"t","370":"e","371":"x","372":"t","373":"-","374":"p","375":"r","376":"i","377":"m","378":"a","379":"r","380":"y","381":" ","382":"p","383":"-","384":"4","385":" ","386":"m","387":"t","388":"-","389":"4","390":" ","391":"m","392":"e","393":"-","394":"4","395":" ","396":"d","397":"-","398":"f","399":"l","400":"e","401":"x","402":" ","403":"a","404":"l","405":"i","406":"g","407":"n","408":"-","409":"i","410":"t","411":"e","412":"m","413":"s","414":"-","415":"c","416":"e","417":"n","418":"t","419":"e","420":"r","421":" ","422":"j","423":"u","424":"s","425":"t","426":"i","427":"f","428":"y","429":"-","430":"c","431":"o","432":"n","433":"t","434":"e","435":"n","436":"t","437":"-","438":"c","439":"e","440":"n","441":"t","442":"e","443":"r","444":"\\","445":"\"","446":">","447":"\\","448":"r","449":"\\","450":"n","451":" ","452":" ","453":" ","454":" ","455":" ","456":" ","457":" ","458":" ","459":"<","460":"h","461":"1","462":" ","463":"s","464":"t","465":"y","466":"l","467":"e","468":"=","469":"\\","470":"\"","471":"m","472":"a","473":"r","474":"g","475":"i","476":"n","477":"-","478":"t","479":"o","480":"p","481":":","482":" ","483":"5","484":"r","485":"e","486":"m","487":";","488":"\\","489":"\"","490":">","491":"H","492":"e","493":"l","494":"l","495":"o","496":" ","497":"U","498":"s","499":"e","500":"r","501":"!","502":"!","503":" ","504":"<","505":"i","506":" ","507":"c","508":"l","509":"a","510":"s","511":"s","512":"=","513":"\\","514":"\"","515":"b","516":"i","517":" ","518":"b","519":"i","520":"-","521":"e","522":"m","523":"o","524":"j","525":"i","526":"-","527":"s","528":"m","529":"i","530":"l","531":"e","532":"\\","533":"\"","534":">","535":"<","536":"/","537":"i","538":">","539":" ","540":"W","541":"e","542":"l","543":"c","544":"o","545":"m","546":"e","547":" ","548":"t","549":"o","550":" ","551":"m","552":"y","553":" ","554":"A","555":"p","556":"p","557":"l","558":"i","559":"c","560":"a","561":"t","562":"i","563":"o","564":"n","565":"<","566":"/","567":"h","568":"1","569":">","570":"\\","571":"r","572":"\\","573":"n","574":" ","575":" ","576":" ","577":" ","578":"<","579":"/","580":"d","581":"i","582":"v","583":">","584":"\\","585":"r","586":"\\","587":"n","588":"<","589":"/","590":"t","591":"e","592":"m","593":"p","594":"l","595":"a","596":"t","597":"e","598":">","599":"\"","600":"]","601":"}"},"_coverageSchema":"1a1c01bbd47fc00a2c39e90264f33305004495a9","hash":"94f8dd67a026e5649214f426a410a677e929f8b9"}
,"D:\\VueJS\\Registration-Form\\src\\components\\NavBar.vue": {"path":"D:\\VueJS\\Registration-Form\\src\\components\\NavBar.vue","statementMap":{"0":{"start":{"line":4,"column":0},"end":{"line":6,"column":3}},"1":{"start":{"line":7,"column":0},"end":{"line":7,"column":25}},"2":{"start":{"line":8,"column":15},"end":{"line":10,"column":1}},"3":{"start":{"line":13,"column":0},"end":{"line":13,"column":13}},"4":{"start":{"line":15,"column":0},"end":{"line":17,"column":3}},"5":{"start":{"line":18,"column":0},"end":{"line":18,"column":24}},"6":{"start":{"line":19,"column":11},"end":{"line":19,"column":25}},"7":{"start":{"line":20,"column":19},"end":{"line":22,"column":1}},"8":{"start":{"line":23,"column":19},"end":{"line":25,"column":1}},"9":{"start":{"line":26,"column":32},"end":{"line":36,"column":22}},"10":{"start":{"line":37,"column":19},"end":{"line":40,"column":1}},"11":{"start":{"line":41,"column":19},"end":{"line":43,"column":1}},"12":{"start":{"line":44,"column":32},"end":{"line":46,"column":26}},"13":{"start":{"line":47,"column":32},"end":{"line":49,"column":26}},"14":{"start":{"line":52,"column":33},"end":{"line":52,"column":74}},"15":{"start":{"line":53,"column":2},"end":{"line":75,"column":13}},"16":{"start":{"line":58,"column":37},"end":{"line":58,"column":80}},"17":{"start":{"line":66,"column":37},"end":{"line":66,"column":94}},"18":{"start":{"line":73,"column":37},"end":{"line":73,"column":90}},"19":{"start":{"line":76,"column":2},"end":{"line":76,"column":49}}},"fnMap":{"0":{"name":"render","decl":{"start":{"line":51,"column":9},"end":{"line":51,"column":15}},"loc":{"start":{"line":51,"column":30},"end":{"line":76,"column":1}},"line":51},"1":{"name":"(anonymous_1)","decl":{"start":{"line":58,"column":31},"end":{"line":58,"column":32}},"loc":{"start":{"line":58,"column":37},"end":{"line":58,"column":80}},"line":58},"2":{"name":"(anonymous_2)","decl":{"start":{"line":66,"column":31},"end":{"line":66,"column":32}},"loc":{"start":{"line":66,"column":37},"end":{"line":66,"column":94}},"line":66},"3":{"name":"(anonymous_3)","decl":{"start":{"line":73,"column":31},"end":{"line":73,"column":32}},"loc":{"start":{"line":73,"column":37},"end":{"line":73,"column":90}},"line":73}},"branchMap":{},"s":{"0":1,"1":1,"2":1,"3":1,"4":1,"5":1,"6":1,"7":1,"8":1,"9":1,"10":1,"11":1,"12":1,"13":1,"14":1,"15":1,"16":0,"17":0,"18":0,"19":1},"f":{"0":1,"1":0,"2":0,"3":0},"b":{},"inputSourceMap":{"0":"{","1":"\"","2":"v","3":"e","4":"r","5":"s","6":"i","7":"o","8":"n","9":"\"","10":":","11":"3","12":",","13":"\"","14":"s","15":"o","16":"u","17":"r","18":"c","19":"e","20":"s","21":"\"","22":":","23":"[","24":"\"","25":"D","26":":","27":"\\","28":"\\","29":"V","30":"u","31":"e","32":"J","33":"S","34":"\\","35":"\\","36":"R","37":"e","38":"g","39":"i","40":"s","41":"t","42":"r","43":"a","44":"t","45":"i","46":"o","47":"n","48":"-","49":"F","50":"o","51":"r","52":"m","53":"\\","54":"\\","55":"s","56":"r","57":"c","58":"\\","59":"\\","60":"c","61":"o","62":"m","63":"p","64":"o","65":"n","66":"e","67":"n","68":"t","69":"s","70":"\\","71":"\\","72":"N","73":"a","74":"v","75":"B","76":"a","77":"r","78":".","79":"v","80":"u","81":"e","82":"\"","83":"]","84":",","85":"\"","86":"n","87":"a","88":"m","89":"e","90":"s","91":"\"","92":":","93":"[","94":"]","95":",","96":"\"","97":"m","98":"a","99":"p","100":"p","101":"i","102":"n","103":"g","104":"s","105":"\"","106":":","107":"\"","108":";","109":";","110":";","111":";","112":";","113":";","114":";","115":"e","116":"A","117":"C","118":"e","119":";","120":"E","121":"A","122":"C","123":"X","124":",","125":"I","126":"A","127":"A","128":"I","129":",","130":"E","131":"A","132":"A","133":"E","134":";","135":"A","136":"A","137":"C","138":"V","139":",","140":"C","141":"A","142":"A","143":"C","144":";","145":"A","146":"A","147":"A","148":"A","149":";","150":"A","151":"A","152":"A","153":"A","154":"\"","155":",","156":"\"","157":"f","158":"i","159":"l","160":"e","161":"\"","162":":","163":"\"","164":"D","165":":","166":"\\","167":"\\","168":"V","169":"u","170":"e","171":"J","172":"S","173":"\\","174":"\\","175":"R","176":"e","177":"g","178":"i","179":"s","180":"t","181":"r","182":"a","183":"t","184":"i","185":"o","186":"n","187":"-","188":"F","189":"o","190":"r","191":"m","192":"\\","193":"\\","194":"s","195":"r","196":"c","197":"\\","198":"\\","199":"c","200":"o","201":"m","202":"p","203":"o","204":"n","205":"e","206":"n","207":"t","208":"s","209":"\\","210":"\\","211":"N","212":"a","213":"v","214":"B","215":"a","216":"r","217":".","218":"v","219":"u","220":"e","221":"\"","222":",","223":"\"","224":"s","225":"o","226":"u","227":"r","228":"c","229":"e","230":"s","231":"C","232":"o","233":"n","234":"t","235":"e","236":"n","237":"t","238":"\"","239":":","240":"[","241":"\"","242":"<","243":"s","244":"c","245":"r","246":"i","247":"p","248":"t","249":">","250":"\\","251":"r","252":"\\","253":"n","254":"e","255":"x","256":"p","257":"o","258":"r","259":"t","260":" ","261":"d","262":"e","263":"f","264":"a","265":"u","266":"l","267":"t","268":" ","269":"{","270":"\\","271":"r","272":"\\","273":"n","274":" ","275":" ","276":" ","277":" ","278":"n","279":"a","280":"m","281":"e","282":":","283":" ","284":"'","285":"N","286":"a","287":"v","288":"B","289":"a","290":"r","291":"'","292":"\\","293":"r","294":"\\","295":"n","296":"}","297":"\\","298":"r","299":"\\","300":"n","301":"<","302":"/","303":"s","304":"c","305":"r","306":"i","307":"p","308":"t","309":">","310":"\\","311":"r","312":"\\","313":"n","314":"\\","315":"r","316":"\\","317":"n","318":"<","319":"t","320":"e","321":"m","322":"p","323":"l","324":"a","325":"t","326":"e","327":">","328":"\\","329":"r","330":"\\","331":"n","332":" ","333":" ","334":" ","335":" ","336":"<","337":"n","338":"a","339":"v","340":" ","341":"c","342":"l","343":"a","344":"s","345":"s","346":"=","347":"\\","348":"\"","349":"n","350":"a","351":"v","352":"b","353":"a","354":"r","355":" ","356":"n","357":"a","358":"v","359":"b","360":"a","361":"r","362":"-","363":"e","364":"x","365":"p","366":"a","367":"n","368":"d","369":"-","370":"l","371":"g","372":" ","373":"n","374":"a","375":"v","376":"b","377":"a","378":"r","379":"-","380":"d","381":"a","382":"r","383":"k","384":" ","385":"b","386":"g","387":"-","388":"p","389":"r","390":"i","391":"m","392":"a","393":"r","394":"y","395":" ","396":"f","397":"i","398":"x","399":"e","400":"d","401":"-","402":"t","403":"o","404":"p","405":"\\","406":"\"","407":">","408":"\\","409":"r","410":"\\","411":"n","412":" ","413":" ","414":" ","415":" ","416":" ","417":" ","418":" ","419":" ","420":"<","421":"d","422":"i","423":"v","424":" ","425":"c","426":"l","427":"a","428":"s","429":"s","430":"=","431":"\\","432":"\"","433":"c","434":"o","435":"n","436":"t","437":"a","438":"i","439":"n","440":"e","441":"r","442":"-","443":"f","444":"l","445":"u","446":"i","447":"d","448":"\\","449":"\"","450":">","451":"\\","452":"r","453":"\\","454":"n","455":" ","456":" ","457":" ","458":" ","459":" ","460":" ","461":" ","462":" ","463":" ","464":" ","465":" ","466":" ","467":"<","468":"r","469":"o","470":"u","471":"t","472":"e","473":"r","474":"-","475":"l","476":"i","477":"n","478":"k","479":" ","480":"c","481":"l","482":"a","483":"s","484":"s","485":"=","486":"\\","487":"\"","488":"n","489":"a","490":"v","491":"b","492":"a","493":"r","494":"-","495":"b","496":"r","497":"a","498":"n","499":"d","500":" ","501":"t","502":"e","503":"x","504":"t","505":"\\","506":"\"","507":" ","508":"i","509":"d","510":"=","511":"\\","512":"\"","513":"b","514":"r","515":"a","516":"n","517":"d","518":"N","519":"a","520":"m","521":"e","522":"\\","523":"\"","524":" ","525":"t","526":"o","527":"=","528":"\\","529":"\"","530":"/","531":"\\","532":"\"","533":">","534":"F","535":"o","536":"r","537":"m","538":"k","539":"i","540":"t","541":"-","542":"F","543":"o","544":"r","545":"m","546":"<","547":"/","548":"r","549":"o","550":"u","551":"t","552":"e","553":"r","554":"-","555":"l","556":"i","557":"n","558":"k","559":">","560":"\\","561":"r","562":"\\","563":"n","564":" ","565":" ","566":" ","567":" ","568":" ","569":" ","570":" ","571":" ","572":" ","573":" ","574":" ","575":" ","576":"<","577":"b","578":"u","579":"t","580":"t","581":"o","582":"n","583":" ","584":"c","585":"l","586":"a","587":"s","588":"s","589":"=","590":"\\","591":"\"","592":"n","593":"a","594":"v","595":"b","596":"a","597":"r","598":"-","599":"t","600":"o","601":"g","602":"g","603":"l","604":"e","605":"r","606":"\\","607":"\"","608":" ","609":"t","610":"y","611":"p","612":"e","613":"=","614":"\\","615":"\"","616":"b","617":"u","618":"t","619":"t","620":"o","621":"n","622":"\\","623":"\"","624":" ","625":"d","626":"a","627":"t","628":"a","629":"-","630":"b","631":"s","632":"-","633":"t","634":"o","635":"g","636":"g","637":"l","638":"e","639":"=","640":"\\","641":"\"","642":"c","643":"o","644":"l","645":"l","646":"a","647":"p","648":"s","649":"e","650":"\\","651":"\"","652":" ","653":"d","654":"a","655":"t","656":"a","657":"-","658":"b","659":"s","660":"-","661":"t","662":"a","663":"r","664":"g","665":"e","666":"t","667":"=","668":"\\","669":"\"","670":"#","671":"n","672":"a","673":"v","674":"b","675":"a","676":"r","677":"N","678":"a","679":"v","680":"A","681":"l","682":"t","683":"M","684":"a","685":"r","686":"k","687":"u","688":"p","689":"\\","690":"\"","691":"\\","692":"r","693":"\\","694":"n","695":" ","696":" ","697":" ","698":" ","699":" ","700":" ","701":" ","702":" ","703":" ","704":" ","705":" ","706":" ","707":" ","708":" ","709":" ","710":" ","711":"a","712":"r","713":"i","714":"a","715":"-","716":"c","717":"o","718":"n","719":"t","720":"r","721":"o","722":"l","723":"s","724":"=","725":"\\","726":"\"","727":"n","728":"a","729":"v","730":"b","731":"a","732":"r","733":"N","734":"a","735":"v","736":"A","737":"l","738":"t","739":"M","740":"a","741":"r","742":"k","743":"u","744":"p","745":"\\","746":"\"","747":" ","748":"a","749":"r","750":"i","751":"a","752":"-","753":"e","754":"x","755":"p","756":"a","757":"n","758":"d","759":"e","760":"d","761":"=","762":"\\","763":"\"","764":"f","765":"a","766":"l","767":"s","768":"e","769":"\\","770":"\"","771":" ","772":"a","773":"r","774":"i","775":"a","776":"-","777":"l","778":"a","779":"b","780":"e","781":"l","782":"=","783":"\\","784":"\"","785":"T","786":"o","787":"g","788":"g","789":"l","790":"e","791":" ","792":"n","793":"a","794":"v","795":"i","796":"g","797":"a","798":"t","799":"i","800":"o","801":"n","802":"\\","803":"\"","804":">","805":"\\","806":"r","807":"\\","808":"n","809":" ","810":" ","811":" ","812":" ","813":" ","814":" ","815":" ","816":" ","817":" ","818":" ","819":" ","820":" ","821":" ","822":" ","823":" ","824":" ","825":"<","826":"s","827":"p","828":"a","829":"n","830":" ","831":"c","832":"l","833":"a","834":"s","835":"s","836":"=","837":"\\","838":"\"","839":"n","840":"a","841":"v","842":"b","843":"a","844":"r","845":"-","846":"t","847":"o","848":"g","849":"g","850":"l","851":"e","852":"r","853":"-","854":"i","855":"c","856":"o","857":"n","858":"\\","859":"\"","860":">","861":"<","862":"/","863":"s","864":"p","865":"a","866":"n","867":">","868":"\\","869":"r","870":"\\","871":"n","872":" ","873":" ","874":" ","875":" ","876":" ","877":" ","878":" ","879":" ","880":" ","881":" ","882":" ","883":" ","884":"<","885":"/","886":"b","887":"u","888":"t","889":"t","890":"o","891":"n","892":">","893":"\\","894":"r","895":"\\","896":"n","897":" ","898":" ","899":" ","900":" ","901":" ","902":" ","903":" ","904":" ","905":" ","906":" ","907":" ","908":" ","909":"<","910":"d","911":"i","912":"v","913":" ","914":"c","915":"l","916":"a","917":"s","918":"s","919":"=","920":"\\","921":"\"","922":"c","923":"o","924":"l","925":"l","926":"a","927":"p","928":"s","929":"e","930":" ","931":"n","932":"a","933":"v","934":"b","935":"a","936":"r","937":"-","938":"c","939":"o","940":"l","941":"l","942":"a","943":"p","944":"s","945":"e","946":"\\","947":"\"","948":" ","949":"i","950":"d","951":"=","952":"\\","953":"\"","954":"n","955":"a","956":"v","957":"b","958":"a","959":"r","960":"N","961":"a","962":"v","963":"A","964":"l","965":"t","966":"M","967":"a","968":"r","969":"k","970":"u","971":"p","972":"\\","973":"\"","974":">","975":"\\","976":"r","977":"\\","978":"n","979":" ","980":" ","981":" ","982":" ","983":" ","984":" ","985":" ","986":" ","987":" ","988":" ","989":" ","990":" ","991":" ","992":" ","993":" ","994":" ","995":"<","996":"d","997":"i","998":"v","999":" ","1000":"c","1001":"l","1002":"a","1003":"s","1004":"s","1005":"=","1006":"\\","1007":"\"","1008":"n","1009":"a","1010":"v","1011":"b","1012":"a","1013":"r","1014":"-","1015":"n","1016":"a","1017":"v","1018":"\\","1019":"\"","1020":">","1021":"\\","1022":"r","1023":"\\","1024":"n","1025":" ","1026":" ","1027":" ","1028":" ","1029":" ","1030":" ","1031":" ","1032":" ","1033":" ","1034":" ","1035":" ","1036":" ","1037":" ","1038":" ","1039":" ","1040":" ","1041":" ","1042":" ","1043":" ","1044":" ","1045":"<","1046":"r","1047":"o","1048":"u","1049":"t","1050":"e","1051":"r","1052":"-","1053":"l","1054":"i","1055":"n","1056":"k","1057":" ","1058":"c","1059":"l","1060":"a","1061":"s","1062":"s","1063":"=","1064":"\\","1065":"\"","1066":"n","1067":"a","1068":"v","1069":"-","1070":"l","1071":"i","1072":"n","1073":"k","1074":" ","1075":"a","1076":"c","1077":"t","1078":"i","1079":"v","1080":"e","1081":"\\","1082":"\"","1083":" ","1084":"i","1085":"d","1086":"=","1087":"\\","1088":"\"","1089":"r","1090":"e","1091":"g","1092":"B","1093":"t","1094":"n","1095":"\\","1096":"\"","1097":" ","1098":"a","1099":"r","1100":"i","1101":"a","1102":"-","1103":"c","1104":"u","1105":"r","1106":"r","1107":"e","1108":"n","1109":"t","1110":"=","1111":"\\","1112":"\"","1113":"p","1114":"a","1115":"g","1116":"e","1117":"\\","1118":"\"","1119":" ","1120":"t","1121":"o","1122":"=","1123":"\\","1124":"\"","1125":"/","1126":"r","1127":"e","1128":"g","1129":"i","1130":"s","1131":"t","1132":"e","1133":"r","1134":"\\","1135":"\"","1136":">","1137":"<","1138":"i","1139":" ","1140":"c","1141":"l","1142":"a","1143":"s","1144":"s","1145":"=","1146":"\\","1147":"\"","1148":"b","1149":"i","1150":" ","1151":"b","1152":"i","1153":"-","1154":"p","1155":"e","1156":"r","1157":"s","1158":"o","1159":"n","1160":"-","1161":"p","1162":"l","1163":"u","1164":"s","1165":"-","1166":"f","1167":"i","1168":"l","1169":"l","1170":"\\","1171":"\"","1172":">","1173":"<","1174":"/","1175":"i","1176":">","1177":" ","1178":"R","1179":"e","1180":"g","1181":"i","1182":"s","1183":"t","1184":"e","1185":"r","1186":"-","1187":"U","1188":"s","1189":"e","1190":"r","1191":"<","1192":"/","1193":"r","1194":"o","1195":"u","1196":"t","1197":"e","1198":"r","1199":"-","1200":"l","1201":"i","1202":"n","1203":"k","1204":">","1205":"\\","1206":"r","1207":"\\","1208":"n","1209":" ","1210":" ","1211":" ","1212":" ","1213":" ","1214":" ","1215":" ","1216":" ","1217":" ","1218":" ","1219":" ","1220":" ","1221":" ","1222":" ","1223":" ","1224":" ","1225":" ","1226":" ","1227":" ","1228":" ","1229":"<","1230":"r","1231":"o","1232":"u","1233":"t","1234":"e","1235":"r","1236":"-","1237":"l","1238":"i","1239":"n","1240":"k","1241":" ","1242":"c","1243":"l","1244":"a","1245":"s","1246":"s","1247":"=","1248":"\\","1249":"\"","1250":"n","1251":"a","1252":"v","1253":"-","1254":"l","1255":"i","1256":"n","1257":"k","1258":" ","1259":"a","1260":"c","1261":"t","1262":"i","1263":"v","1264":"e","1265":"\\","1266":"\"","1267":" ","1268":"i","1269":"d","1270":"=","1271":"\\","1272":"\"","1273":"u","1274":"s","1275":"e","1276":"r","1277":"B","1278":"t","1279":"n","1280":"\\","1281":"\"","1282":" ","1283":"t","1284":"o","1285":"=","1286":"\\","1287":"\"","1288":"/","1289":"u","1290":"s","1291":"e","1292":"r","1293":"\\","1294":"\"","1295":">","1296":"<","1297":"i","1298":" ","1299":"c","1300":"l","1301":"a","1302":"s","1303":"s","1304":"=","1305":"\\","1306":"\"","1307":"b","1308":"i","1309":" ","1310":"b","1311":"i","1312":"-","1313":"p","1314":"e","1315":"r","1316":"s","1317":"o","1318":"n","1319":"-","1320":"f","1321":"i","1322":"l","1323":"l","1324":"-","1325":"c","1326":"h","1327":"e","1328":"c","1329":"k","1330":"\\","1331":"\"","1332":">","1333":"<","1334":"/","1335":"i","1336":">","1337":" ","1338":"U","1339":"s","1340":"e","1341":"r","1342":"-","1343":"I","1344":"n","1345":"f","1346":"o","1347":"<","1348":"/","1349":"r","1350":"o","1351":"u","1352":"t","1353":"e","1354":"r","1355":"-","1356":"l","1357":"i","1358":"n","1359":"k","1360":">","1361":"\\","1362":"r","1363":"\\","1364":"n","1365":" ","1366":" ","1367":" ","1368":" ","1369":" ","1370":" ","1371":" ","1372":" ","1373":" ","1374":" ","1375":" ","1376":" ","1377":" ","1378":" ","1379":" ","1380":" ","1381":"<","1382":"/","1383":"d","1384":"i","1385":"v","1386":">","1387":"\\","1388":"r","1389":"\\","1390":"n","1391":" ","1392":" ","1393":" ","1394":" ","1395":" ","1396":" ","1397":" ","1398":" ","1399":" ","1400":" ","1401":" ","1402":" ","1403":"<","1404":"/","1405":"d","1406":"i","1407":"v","1408":">","1409":"\\","1410":"r","1411":"\\","1412":"n","1413":" ","1414":" ","1415":" ","1416":" ","1417":" ","1418":" ","1419":" ","1420":" ","1421":"<","1422":"/","1423":"d","1424":"i","1425":"v","1426":">","1427":"\\","1428":"r","1429":"\\","1430":"n","1431":" ","1432":" ","1433":" ","1434":" ","1435":"<","1436":"/","1437":"n","1438":"a","1439":"v","1440":">","1441":"\\","1442":"r","1443":"\\","1444":"n","1445":"<","1446":"/","1447":"t","1448":"e","1449":"m","1450":"p","1451":"l","1452":"a","1453":"t","1454":"e","1455":">","1456":"\"","1457":"]","1458":"}"},"_coverageSchema":"1a1c01bbd47fc00a2c39e90264f33305004495a9","hash":"6498ee9da3247e8b9a4d2e23d515fac719371b1a"}
[...]
41":"l","1242":"a","1243":"s","1244":"s","1245":"=","1246":"\\","1247":"\"","1248":"t","1249":"a","1250":"b","1251":"l","1252":"e","1253":"-","1254":"p","1255":"r","1256":"i","1257":"m","1258":"a","1259":"r","1260":"y","1261":"\\","1262":"\"","1263":">","1264":"\\","1265":"r","1266":"\\","1267":"n","1268":" ","1269":" ","1270":" ","1271":" ","1272":" ","1273":" ","1274":" ","1275":" ","1276":" ","1277":" ","1278":" ","1279":" ","1280":" ","1281":" ","1282":" ","1283":" ","1284":" ","1285":" ","1286":" ","1287":" ","1288":" ","1289":" ","1290":" ","1291":" ","1292":"<","1293":"t","1294":"h","1295":" ","1296":"s","1297":"c","1298":"o","1299":"p","1300":"e","1301":"=","1302":"\\","1303":"\"","1304":"r","1305":"o","1306":"w","1307":"\\","1308":"\"","1309":">","1310":"F","1311":"i","1312":"r","1313":"s","1314":"t","1315":" ","1316":"N","1317":"a","1318":"m","1319":"e","1320":":","1321":"<","1322":"/","1323":"t","1324":"h","1325":">","1326":"\\","1327":"r","1328":"\\","1329":"n","1330":" ","1331":" ","1332":" ","1333":" ","1334":" ","1335":" ","1336":" ","1337":" ","1338":" ","1339":" ","1340":" ","1341":" ","1342":" ","1343":" ","1344":" ","1345":" ","1346":" ","1347":" ","1348":" ","1349":" ","1350":" ","1351":" ","1352":" ","1353":" ","1354":"<","1355":"t","1356":"d","1357":">","1358":"{","1359":"{","1360":" ","1361":"u","1362":"s","1363":"e","1364":"r","1365":".","1366":"f","1367":"n","1368":"a","1369":"m","1370":"e","1371":" ","1372":"}","1373":"}","1374":"<","1375":"/","1376":"t","1377":"d","1378":">","1379":"\\","1380":"r","1381":"\\","1382":"n","1383":" ","1384":" ","1385":" ","1386":" ","1387":" ","1388":" ","1389":" ","1390":" ","1391":" ","1392":" ","1393":" ","1394":" ","1395":" ","1396":" ","1397":" ","1398":" ","1399":" ","1400":" ","1401":" ","1402":" ","1403":"<","1404":"/","1405":"t","1406":"r","1407":">","1408":"\\","1409":"r","1410":"\\","1411":"n","1412":" ","1413":" ","1414":" ","1415":" ","1416":" ","1417":" ","1418":" ","1419":" ","1420":" ","1421":" ","1422":" ","1423":" ","1424":" ","1425":" ","1426":" ","1427":" ","1428":" ","1429":" ","1430":" ","1431":" ","1432":"<","1433":"t","1434":"r","1435":">","1436":"\\","1437":"r","1438":"\\","1439":"n","1440":" ","1441":" ","1442":" ","1443":" ","1444":" ","1445":" ","1446":" ","1447":" ","1448":" ","1449":" ","1450":" ","1451":" ","1452":" ","1453":" ","1454":" ","1455":" ","1456":" ","1457":" ","1458":" ","1459":" ","1460":" ","1461":" ","1462":" ","1463":" ","1464":"<","1465":"t","1466":"h","1467":" ","1468":"s","1469":"c","1470":"o","1471":"p","1472":"e","1473":"=","1474":"\\","1475":"\"","1476":"r","1477":"o","1478":"w","1479":"\\","1480":"\"","1481":">","1482":"L","1483":"a","1484":"s","1485":"t","1486":" ","1487":"N","1488":"a","1489":"m","1490":"e","1491":":","1492":"<","1493":"/","1494":"t","1495":"h","1496":">","1497":"\\","1498":"r","1499":"\\","1500":"n","1501":" ","1502":" ","1503":" ","1504":" ","1505":" ","1506":" ","1507":" ","1508":" ","1509":" ","1510":" ","1511":" ","1512":" ","1513":" ","1514":" ","1515":" ","1516":" ","1517":" ","1518":" ","1519":" ","1520":" ","1521":" ","1522":" ","1523":" ","1524":" ","1525":"<","1526":"t","1527":"d","1528":">","1529":"{","1530":"{","1531":" ","1532":"u","1533":"s","1534":"e","1535":"r","1536":".","1537":"l","1538":"n","1539":"a","1540":"m","1541":"e","1542":" ","1543":"}","1544":"}","1545":"<","1546":"/","1547":"t","1548":"d","1549":">","1550":"\\","1551":"r","1552":"\\","1553":"n","1554":" ","1555":" ","1556":" ","1557":" ","1558":" ","1559":" ","1560":" ","1561":" ","1562":" ","1563":" ","1564":" ","1565":" ","1566":" ","1567":" ","1568":" ","1569":" ","1570":" ","1571":" ","1572":" ","1573":" ","1574":"<","1575":"/","1576":"t","1577":"r","1578":">","1579":"\\","1580":"r","1581":"\\","1582":"n","1583":" ","1584":" ","1585":" ","1586":" ","1587":" ","1588":" ","1589":" ","1590":" ","1591":" ","1592":" ","1593":" ","1594":" ","1595":" ","1596":" ","1597":" ","1598":" ","1599":" ","1600":" ","1601":" ","1602":" ","1603":"<","1604":"t","1605":"r","1606":" ","1607":"c","1608":"l","1609":"a","1610":"s","1611":"s","1612":"=","1613":"\\","1614":"\"","1615":"t","1616":"a","1617":"b","1618":"l","1619":"e","1620":"-","1621":"p","1622":"r","1623":"i","1624":"m","1625":"a","1626":"r","1627":"y","1628":"\\","1629":"\"","1630":">","1631":"\\","1632":"r","1633":"\\","1634":"n","1635":" ","1636":" ","1637":" ","1638":" ","1639":" ","1640":" ","1641":" ","1642":" ","1643":" ","1644":" ","1645":" ","1646":" ","1647":" ","1648":" ","1649":" ","1650":" ","1651":" ","1652":" ","1653":" ","1654":" ","1655":" ","1656":" ","1657":" ","1658":" ","1659":"<","1660":"t","1661":"h","1662":" ","1663":"s","1664":"c","1665":"o","1666":"p","1667":"e","1668":"=","1669":"\\","1670":"\"","1671":"r","1672":"o","1673":"w","1674":"\\","1675":"\"","1676":">","1677":"M","1678":"o","1679":"b","1680":"i","1681":"l","1682":"e","1683":":","1684":"<","1685":"/","1686":"t","1687":"h","1688":">","1689":"\\","1690":"r","1691":"\\","1692":"n","1693":" ","1694":" ","1695":" ","1696":" ","1697":" ","1698":" ","1699":" ","1700":" ","1701":" ","1702":" ","1703":" ","1704":" ","1705":" ","1706":" ","1707":" ","1708":" ","1709":" ","1710":" ","1711":" ","1712":" ","1713":" ","1714":" ","1715":" ","1716":" ","1717":"<","1718":"t","1719":"d","1720":">","1721":"+","1722":"9","1723":"1","1724":"-","1725":"{","1726":"{","1727":" ","1728":"u","1729":"s","1730":"e","1731":"r","1732":".","1733":"m","1734":"o","1735":"b","1736":"i","1737":"l","1738":"e","1739":" ","1740":"}","1741":"}","1742":"<","1743":"/","1744":"t","1745":"d","1746":">","1747":"\\","1748":"r","1749":"\\","1750":"n","1751":" ","1752":" ","1753":" ","1754":" ","1755":" ","1756":" ","1757":" ","1758":" ","1759":" ","1760":" ","1761":" ","1762":" ","1763":" ","1764":" ","1765":" ","1766":" ","1767":" ","1768":" ","1769":" ","1770":" ","1771":" ","1772":" ","1773":" ","1774":" ","1775":"<","1776":"!","1777":"-","1778":"-","1779":" ","1780":"<","1781":"t","1782":"d","1783":" ","1784":"c","1785":"o","1786":"l","1787":"s","1788":"p","1789":"a","1790":"n","1791":"=","1792":"\\","1793":"\"","1794":"2","1795":"\\","1796":"\"","1797":">","1798":"L","1799":"a","1800":"r","1801":"r","1802":"y","1803":" ","1804":"t","1805":"h","1806":"e","1807":" ","1808":"B","1809":"i","1810":"r","1811":"d","1812":"<","1813":"/","1814":"t","1815":"d","1816":">","1817":" ","1818":"-","1819":"-","1820":">","1821":"\\","1822":"r","1823":"\\","1824":"n","1825":" ","1826":" ","1827":" ","1828":" ","1829":" ","1830":" ","1831":" ","1832":" ","1833":" ","1834":" ","1835":" ","1836":" ","1837":" ","1838":" ","1839":" ","1840":" ","1841":" ","1842":" ","1843":" ","1844":" ","1845":"<","1846":"/","1847":"t","1848":"r","1849":">","1850":"\\","1851":"r","1852":"\\","1853":"n","1854":" ","1855":" ","1856":" ","1857":" ","1858":" ","1859":" ","1860":" ","1861":" ","1862":" ","1863":" ","1864":" ","1865":" ","1866":" ","1867":" ","1868":" ","1869":" ","1870":" ","1871":" ","1872":" ","1873":" ","1874":"<","1875":"t","1876":"r","1877":">","1878":"\\","1879":"r","1880":"\\","1881":"n","1882":" ","1883":" ","1884":" ","1885":" ","1886":" ","1887":" ","1888":" ","1889":" ","1890":" ","1891":" ","1892":" ","1893":" ","1894":" ","1895":" ","1896":" ","1897":" ","1898":" ","1899":" ","1900":" ","1901":" ","1902":" ","1903":" ","1904":" ","1905":" ","1906":"<","1907":"t","1908":"h","1909":" ","1910":"s","1911":"c","1912":"o","1913":"p","1914":"e","1915":"=","1916":"\\","1917":"\"","1918":"r","1919":"o","1920":"w","1921":"\\","1922":"\"","1923":">","1924":"E","1925":"m","1926":"a","1927":"i","1928":"l","1929":":","1930":"<","1931":"/","1932":"t","1933":"h","1934":">","1935":"\\","1936":"r","1937":"\\","1938":"n","1939":" ","1940":" ","1941":" ","1942":" ","1943":" ","1944":" ","1945":" ","1946":" ","1947":" ","1948":" ","1949":" ","1950":" ","1951":" ","1952":" ","1953":" ","1954":" ","1955":" ","1956":" ","1957":" ","1958":" ","1959":" ","1960":" ","1961":" ","1962":" ","1963":"<","1964":"t","1965":"d","1966":">","1967":"{","1968":"{","1969":" ","1970":"u","1971":"s","1972":"e","1973":"r","1974":".","1975":"e","1976":"m","1977":"a","1978":"i","1979":"l","1980":" ","1981":"}","1982":"}","1983":"<","1984":"/","1985":"t","1986":"d","1987":">","1988":"\\","1989":"r","1990":"\\","1991":"n","1992":" ","1993":" ","1994":" ","1995":" ","1996":" ","1997":" ","1998":" ","1999":" ","2000":" ","2001":" ","2002":" ","2003":" ","2004":" ","2005":" ","2006":" ","2007":" ","2008":" ","2009":" ","2010":" ","2011":" ","2012":"<","2013":"/","2014":"t","2015":"r","2016":">","2017":"\\","2018":"r","2019":"\\","2020":"n","2021":" ","2022":" ","2023":" ","2024":" ","2025":" ","2026":" ","2027":" ","2028":" ","2029":" ","2030":" ","2031":" ","2032":" ","2033":" ","2034":" ","2035":" ","2036":" ","2037":" ","2038":" ","2039":" ","2040":" ","2041":"<","2042":"t","2043":"r","2044":" ","2045":"c","2046":"l","2047":"a","2048":"s","2049":"s","2050":"=","2051":"\\","2052":"\"","2053":"t","2054":"a","2055":"b","2056":"l","2057":"e","2058":"-","2059":"p","2060":"r","2061":"i","2062":"m","2063":"a","2064":"r","2065":"y","2066":"\\","2067":"\"","2068":">","2069":"\\","2070":"r","2071":"\\","2072":"n","2073":" ","2074":" ","2075":" ","2076":" ","2077":" ","2078":" ","2079":" ","2080":" ","2081":" ","2082":" ","2083":" ","2084":" ","2085":" ","2086":" ","2087":" ","2088":" ","2089":" ","2090":" ","2091":" ","2092":" ","2093":" ","2094":" ","2095":" ","2096":" ","2097":"<","2098":"t","2099":"h","2100":" ","2101":"s","2102":"c","2103":"o","2104":"p","2105":"e","2106":"=","2107":"\\","2108":"\"","2109":"r","2110":"o","2111":"w","2112":"\\","2113":"\"","2114":">","2115":"P","2116":"a","2117":"s","2118":"s","2119":"w","2120":"o","2121":"r","2122":"d","2123":":","2124":"<","2125":"/","2126":"t","2127":"h","2128":">","2129":"\\","2130":"r","2131":"\\","2132":"n","2133":" ","2134":" ","2135":" ","2136":" ","2137":" ","2138":" ","2139":" ","2140":" ","2141":" ","2142":" ","2143":" ","2144":" ","2145":" ","2146":" ","2147":" ","2148":" ","2149":" ","2150":" ","2151":" ","2152":" ","2153":" ","2154":" ","2155":" ","2156":" ","2157":"<","2158":"t","2159":"d","2160":">","2161":"{","2162":"{","2163":" ","2164":"u","2165":"s","2166":"e","2167":"r","2168":".","2169":"p","2170":"a","2171":"s","2172":"s","2173":"w","2174":"o","2175":"r","2176":"d","2177":" ","2178":"}","2179":"}","2180":"<","2181":"/","2182":"t","2183":"d","2184":">","2185":"\\","2186":"r","2187":"\\","2188":"n","2189":" ","2190":" ","2191":" ","2192":" ","2193":" ","2194":" ","2195":" ","2196":" ","2197":" ","2198":" ","2199":" ","2200":" ","2201":" ","2202":" ","2203":" ","2204":" ","2205":" ","2206":" ","2207":" ","2208":" ","2209":"<","2210":"/","2211":"t","2212":"r","2213":">","2214":"\\","2215":"r","2216":"\\","2217":"n","2218":" ","2219":" ","2220":" ","2221":" ","2222":" ","2223":" ","2224":" ","2225":" ","2226":" ","2227":" ","2228":" ","2229":" ","2230":" ","2231":" ","2232":" ","2233":" ","2234":" ","2235":" ","2236":" ","2237":" ","2238":"<","2239":"t","2240":"r","2241":">","2242":"\\","2243":"r","2244":"\\","2245":"n","2246":" ","2247":" ","2248":" ","2249":" ","2250":" ","2251":" ","2252":" ","2253":" ","2254":" ","2255":" ","2256":" ","2257":" ","2258":" ","2259":" ","2260":" ","2261":" ","2262":" ","2263":" ","2264":" ","2265":" ","2266":" ","2267":" ","2268":" ","2269":" ","2270":"<","2271":"t","2272":"h","2273":" ","2274":"s","2275":"c","2276":"o","2277":"p","2278":"e","2279":"=","2280":"\\","2281":"\"","2282":"r","2283":"o","2284":"w","2285":"\\","2286":"\"","2287":">","2288":"D","2289":".","2290":"O","2291":".","2292":"B","2293":":","2294":"<","2295":"/","2296":"t","2297":"h","2298":">","2299":"\\","2300":"r","2301":"\\","2302":"n","2303":" ","2304":" ","2305":" ","2306":" ","2307":" ","2308":" ","2309":" ","2310":" ","2311":" ","2312":" ","2313":" ","2314":" ","2315":" ","2316":" ","2317":" ","2318":" ","2319":" ","2320":" ","2321":" ","2322":" ","2323":" ","2324":" ","2325":" ","2326":" ","2327":"<","2328":"t","2329":"d","2330":">","2331":"{","2332":"{","2333":" ","2334":"u","2335":"s","2336":"e","2337":"r","2338":".","2339":"d","2340":"o","2341":"b","2342":" ","2343":"}","2344":"}","2345":"<","2346":"/","2347":"t","2348":"d","2349":">","2350":"\\","2351":"r","2352":"\\","2353":"n","2354":" ","2355":" ","2356":" ","2357":" ","2358":" ","2359":" ","2360":" ","2361":" ","2362":" ","2363":" ","2364":" ","2365":" ","2366":" ","2367":" ","2368":" ","2369":" ","2370":" ","2371":" ","2372":" ","2373":" ","2374":"<","2375":"/","2376":"t","2377":"r","2378":">","2379":"\\","2380":"r","2381":"\\","2382":"n","2383":" ","2384":" ","2385":" ","2386":" ","2387":" ","2388":" ","2389":" ","2390":" ","2391":" ","2392":" ","2393":" ","2394":" ","2395":" ","2396":" ","2397":" ","2398":" ","2399":" ","2400":" ","2401":" ","2402":" ","2403":"<","2404":"t","2405":"r","2406":" ","2407":"c","2408":"l","2409":"a","2410":"s","2411":"s","2412":"=","2413":"\\","2414":"\"","2415":"t","2416":"a","2417":"b","2418":"l","2419":"e","2420":"-","2421":"p","2422":"r","2423":"i","2424":"m","2425":"a","2426":"r","2427":"y","2428":"\\","2429":"\"","2430":">","2431":"\\","2432":"r","2433":"\\","2434":"n","2435":" ","2436":" ","2437":" ","2438":" ","2439":" ","2440":" ","2441":" ","2442":" ","2443":" ","2444":" ","2445":" ","2446":" ","2447":" ","2448":" ","2449":" ","2450":" ","2451":" ","2452":" ","2453":" ","2454":" ","2455":" ","2456":" ","2457":" ","2458":" ","2459":"<","2460":"t","2461":"h","2462":" ","2463":"s","2464":"c","2465":"o","2466":"p","2467":"e","2468":"=","2469":"\\","2470":"\"","2471":"r","2472":"o","2473":"w","2474":"\\","2475":"\"","2476":">","2477":"G","2478":"e","2479":"n","2480":"d","2481":"e","2482":"r","2483":":","2484":"<","2485":"/","2486":"t","2487":"h","2488":">","2489":"\\","2490":"r","2491":"\\","2492":"n","2493":" ","2494":" ","2495":" ","2496":" ","2497":" ","2498":" ","2499":" ","2500":" ","2501":" ","2502":" ","2503":" ","2504":" ","2505":" ","2506":" ","2507":" ","2508":" ","2509":" ","2510":" ","2511":" ","2512":" ","2513":" ","2514":" ","2515":" ","2516":" ","2517":"<","2518":"t","2519":"d","2520":">","2521":"{","2522":"{","2523":" ","2524":"u","2525":"s","2526":"e","2527":"r","2528":".","2529":"g","2530":"e","2531":"n","2532":"d","2533":"e","2534":"r","2535":" ","2536":"}","2537":"}","2538":"<","2539":"/","2540":"t","2541":"d","2542":">","2543":"\\","2544":"r","2545":"\\","2546":"n","2547":" ","2548":" ","2549":" ","2550":" ","2551":" ","2552":" ","2553":" ","2554":" ","2555":" ","2556":" ","2557":" ","2558":" ","2559":" ","2560":" ","2561":" ","2562":" ","2563":" ","2564":" ","2565":" ","2566":" ","2567":"<","2568":"/","2569":"t","2570":"r","2571":">","2572":"\\","2573":"r","2574":"\\","2575":"n","2576":" ","2577":" ","2578":" ","2579":" ","2580":" ","2581":" ","2582":" ","2583":" ","2584":" ","2585":" ","2586":" ","2587":" ","2588":" ","2589":" ","2590":" ","2591":" ","2592":" ","2593":" ","2594":" ","2595":" ","2596":"<","2597":"t","2598":"r","2599":">","2600":"\\","2601":"r","2602":"\\","2603":"n","2604":" ","2605":" ","2606":" ","2607":" ","2608":" ","2609":" ","2610":" ","2611":" ","2612":" ","2613":" ","2614":" ","2615":" ","2616":" ","2617":" ","2618":" ","2619":" ","2620":" ","2621":" ","2622":" ","2623":" ","2624":" ","2625":" ","2626":" ","2627":" ","2628":"<","2629":"t","2630":"h","2631":" ","2632":"s","2633":"c","2634":"o","2635":"p","2636":"e","2637":"=","2638":"\\","2639":"\"","2640":"r","2641":"o","2642":"w","2643":"\\","2644":"\"","2645":">","2646":"D","2647":"e","2648":"g","2649":"r","2650":"e","2651":"e","2652":":","2653":"<","2654":"/","2655":"t","2656":"h","2657":">","2658":"\\","2659":"r","2660":"\\","2661":"n","2662":" ","2663":" ","2664":" ","2665":" ","2666":" ","2667":" ","2668":" ","2669":" ","2670":" ","2671":" ","2672":" ","2673":" ","2674":" ","2675":" ","2676":" ","2677":" ","2678":" ","2679":" ","2680":" ","2681":" ","2682":" ","2683":" ","2684":" ","2685":" ","2686":"<","2687":"t","2688":"d","2689":">","2690":"{","2691":"{","2692":" ","2693":"u","2694":"s","2695":"e","2696":"r","2697":".","2698":"d","2699":"e","2700":"g","2701":"r","2702":"e","2703":"e","2704":" ","2705":"}","2706":"}","2707":"<","2708":"/","2709":"t","2710":"d","2711":">","2712":"\\","2713":"r","2714":"\\","2715":"n","2716":" ","2717":" ","2718":" ","2719":" ","2720":" ","2721":" ","2722":" ","2723":" ","2724":" ","2725":" ","2726":" ","2727":" ","2728":" ","2729":" ","2730":" ","2731":" ","2732":" ","2733":" ","2734":" ","2735":" ","2736":"<","2737":"/","2738":"t","2739":"r","2740":">","2741":"\\","2742":"r","2743":"\\","2744":"n","2745":" ","2746":" ","2747":" ","2748":" ","2749":" ","2750":" ","2751":" ","2752":" ","2753":" ","2754":" ","2755":" ","2756":" ","2757":" ","2758":" ","2759":" ","2760":" ","2761":" ","2762":" ","2763":" ","2764":" ","2765":"<","2766":"t","2767":"r","2768":" ","2769":"c","2770":"l","2771":"a","2772":"s","2773":"s","2774":"=","2775":"\\","2776":"\"","2777":"t","2778":"a","2779":"b","2780":"l","2781":"e","2782":"-","2783":"p","2784":"r","2785":"i","2786":"m","2787":"a","2788":"r","2789":"y","2790":"\\","2791":"\"","2792":">","2793":"\\","2794":"r","2795":"\\","2796":"n","2797":" ","2798":" ","2799":" ","2800":" ","2801":" ","2802":" ","2803":" ","2804":" ","2805":" ","2806":" ","2807":" ","2808":" ","2809":" ","2810":" ","2811":" ","2812":" ","2813":" ","2814":" ","2815":" ","2816":" ","2817":" ","2818":" ","2819":" ","2820":" ","2821":"<","2822":"t","2823":"h","2824":" ","2825":"s","2826":"c","2827":"o","2828":"p","2829":"e","2830":"=","2831":"\\","2832":"\"","2833":"r","2834":"o","2835":"w","2836":"\\","2837":"\"","2838":">","2839":"S","2840":"k","2841":"i","2842":"l","2843":"l","2844":"s","2845":":","2846":"<","2847":"/","2848":"t","2849":"h","2850":">","2851":"\\","2852":"r","2853":"\\","2854":"n","2855":" ","2856":" ","2857":" ","2858":" ","2859":" ","2860":" ","2861":" ","2862":" ","2863":" ","2864":" ","2865":" ","2866":" ","2867":" ","2868":" ","2869":" ","2870":" ","2871":" ","2872":" ","2873":" ","2874":" ","2875":" ","2876":" ","2877":" ","2878":" ","2879":"<","2880":"t","2881":"d","2882":">","2883":"{","2884":"{","2885":" ","2886":"u","2887":"s","2888":"e","2889":"r","2890":".","2891":"s","2892":"k","2893":"i","2894":"l","2895":"l","2896":"s","2897":" ","2898":"}","2899":"}","2900":"<","2901":"/","2902":"t","2903":"d","2904":">","2905":"\\","2906":"r","2907":"\\","2908":"n","2909":" ","2910":" ","2911":" ","2912":" ","2913":" ","2914":" ","2915":" ","2916":" ","2917":" ","2918":" ","2919":" ","2920":" ","2921":" ","2922":" ","2923":" ","2924":" ","2925":" ","2926":" ","2927":" ","2928":" ","2929":"<","2930":"/","2931":"t","2932":"r","2933":">","2934":"\\","2935":"r","2936":"\\","2937":"n","2938":" ","2939":" ","2940":" ","2941":" ","2942":" ","2943":" ","2944":" ","2945":" ","2946":" ","2947":" ","2948":" ","2949":" ","2950":" ","2951":" ","2952":" ","2953":" ","2954":"<","2955":"/","2956":"t","2957":"b","2958":"o","2959":"d","2960":"y","2961":">","2962":"\\","2963":"r","2964":"\\","2965":"n","2966":" ","2967":" ","2968":" ","2969":" ","2970":" ","2971":" ","2972":" ","2973":" ","2974":" ","2975":" ","2976":" ","2977":" ","2978":"<","2979":"/","2980":"t","2981":"a","2982":"b","2983":"l","2984":"e","2985":">","2986":"\\","2987":"r","2988":"\\","2989":"n","2990":" ","2991":" ","2992":" ","2993":" ","2994":" ","2995":" ","2996":" ","2997":" ","2998":"<","2999":"/","3000":"d","3001":"i","3002":"v","3003":">","3004":"\\","3005":"r","3006":"\\","3007":"n","3008":" ","3009":" ","3010":" ","3011":" ","3012":"<","3013":"/","3014":"d","3015":"i","3016":"v","3017":">","3018":"\\","3019":"r","3020":"\\","3021":"n","3022":"<","3023":"/","3024":"t","3025":"e","3026":"m","3027":"p","3028":"l","3029":"a","3030":"t","3031":"e","3032":">","3033":"\"","3034":"]","3035":"}"},"_coverageSchema":"1a1c01bbd47fc00a2c39e90264f33305004495a9","hash":"192905f286d76f64e1dddae42b74d7d5ab060129"}
}
