TN:
SF:src\components\FormComponent.vue
FN:11,(anonymous_0)
FN:32,(anonymous_1)
FN:66,render
FN:72,(anonymous_3)
FN:73,(anonymous_4)
FN:75,(anonymous_5)
FNF:6
FNH:3
FNDA:1,(anonymous_0)
FNDA:0,(anonymous_1)
FNDA:1,render
FNDA:0,(anonymous_3)
FNDA:0,(anonymous_4)
FNDA:1,(anonymous_5)
DA:4,2
DA:7,2
DA:8,2
DA:9,2
DA:12,1
DA:33,0
DA:34,0
DA:35,0
DA:36,0
DA:37,0
DA:45,2
DA:47,2
DA:50,2
DA:51,2
DA:52,2
DA:55,2
DA:60,2
DA:67,1
DA:68,1
DA:72,0
DA:73,0
DA:75,1
DA:146,2
LF:23
LH:16
BRDA:72,0,0,1
BRDA:72,0,1,1
BRDA:73,1,0,1
BRDA:73,1,1,1
BRF:4
BRH:4
end_of_record
TN:
SF:src\components\HomePage.vue
FN:31,render
FNF:1
FNH:1
FNDA:1,render
DA:4,2
DA:7,2
DA:8,2
DA:13,2
DA:15,2
DA:18,2
DA:19,2
DA:20,2
DA:23,2
DA:30,2
DA:32,1
DA:33,2
LF:12
LH:12
BRF:0
BRH:0
end_of_record
TN:
SF:src\components\NavBar.vue
FN:51,render
FN:58,(anonymous_1)
FN:66,(anonymous_2)
FN:73,(anonymous_3)
FNF:4
FNH:1
FNDA:1,render
FNDA:0,(anonymous_1)
FNDA:0,(anonymous_2)
FNDA:0,(anonymous_3)
DA:4,1
DA:7,1
DA:8,1
DA:13,1
DA:15,1
DA:18,1
DA:19,1
DA:20,1
DA:23,1
DA:26,1
DA:37,1
DA:41,1
DA:44,1
DA:47,1
DA:52,1
DA:53,1
DA:58,0
DA:66,0
DA:73,0
DA:76,1
LF:20
LH:17
BRF:0
BRH:0
end_of_record
TN:
SF:src\components\UserPage.vue
FN:10,(anonymous_0)
FN:15,(anonymous_1)
FN:88,render
FNF:3
FNH:0
FNDA:0,(anonymous_0)
FNDA:0,(anonymous_1)
FNDA:0,render
DA:4,1
DA:7,1
DA:8,1
DA:11,0
DA:16,0
DA:17,0
DA:22,1
DA:24,1
DA:27,1
DA:28,1
DA:29,1
DA:32,1
DA:37,1
DA:40,1
DA:45,1
DA:48,1
DA:51,1
DA:54,1
DA:57,1
DA:60,1
DA:63,1
DA:66,1
DA:69,1
DA:72,1
DA:75,1
DA:78,1
DA:81,1
DA:84,1
DA:89,0
DA:90,1
LF:30
LH:26
BRF:0
BRH:0
end_of_record
